2019-05-19 04:55:15.4986 | TRACE | Sluuug.MvcApplication | System.Web.HttpException (0x80004005): A public action method 'notfo' was not found on controller 'Sluuug.Controllers.ErrorController'.
   ? System.Web.Mvc.Controller.HandleUnknownAction(String actionName)
   ? System.Web.Mvc.Controller.<BeginExecuteCore>b__1d(IAsyncResult asyncResult, ExecuteCoreState innerState)
   ? System.Web.Mvc.Async.AsyncResultWrapper.WrappedAsyncVoid`1.CallEndDelegate(IAsyncResult asyncResult)
   ? System.Web.Mvc.Async.AsyncResultWrapper.WrappedAsyncResultBase`1.End()
   ? System.Web.Mvc.Controller.EndExecuteCore(IAsyncResult asyncResult)
   ? System.Web.Mvc.Controller.<BeginExecute>b__15(IAsyncResult asyncResult, Controller controller)
   ? System.Web.Mvc.Async.AsyncResultWrapper.WrappedAsyncVoid`1.CallEndDelegate(IAsyncResult asyncResult)
   ? System.Web.Mvc.Async.AsyncResultWrapper.WrappedAsyncResultBase`1.End()
   ? System.Web.Mvc.Controller.EndExecute(IAsyncResult asyncResult)
   ? System.Web.Mvc.Controller.System.Web.Mvc.Async.IAsyncController.EndExecute(IAsyncResult asyncResult)
   ? System.Web.Mvc.MvcHandler.<BeginProcessRequest>b__5(IAsyncResult asyncResult, ProcessRequestState innerState)
   ? System.Web.Mvc.Async.AsyncResultWrapper.WrappedAsyncVoid`1.CallEndDelegate(IAsyncResult asyncResult)
   ? System.Web.Mvc.Async.AsyncResultWrapper.WrappedAsyncResultBase`1.End()
   ? System.Web.Mvc.MvcHandler.EndProcessRequest(IAsyncResult asyncResult)
   ? System.Web.Mvc.MvcHandler.System.Web.IHttpAsyncHandler.EndProcessRequest(IAsyncResult result)
   ? System.Web.HttpApplication.CallHandlerExecutionStep.System.Web.HttpApplication.IExecutionStep.Execute()
   ? System.Web.HttpApplication.ExecuteStepImpl(IExecutionStep step)
   ? System.Web.HttpApplication.ExecuteStep(IExecutionStep step, Boolean& completedSynchronously)
2019-05-19 04:55:23.0632 | TRACE | Sluuug.MvcApplication | System.Web.HttpException (0x80004005): A public action method 'notfo' was not found on controller 'Sluuug.Controllers.ErrorController'.
   ? System.Web.Mvc.Controller.HandleUnknownAction(String actionName)
   ? System.Web.Mvc.Controller.<BeginExecuteCore>b__1d(IAsyncResult asyncResult, ExecuteCoreState innerState)
   ? System.Web.Mvc.Async.AsyncResultWrapper.WrappedAsyncVoid`1.CallEndDelegate(IAsyncResult asyncResult)
   ? System.Web.Mvc.Async.AsyncResultWrapper.WrappedAsyncResultBase`1.End()
   ? System.Web.Mvc.Controller.EndExecuteCore(IAsyncResult asyncResult)
   ? System.Web.Mvc.Controller.<BeginExecute>b__15(IAsyncResult asyncResult, Controller controller)
   ? System.Web.Mvc.Async.AsyncResultWrapper.WrappedAsyncVoid`1.CallEndDelegate(IAsyncResult asyncResult)
   ? System.Web.Mvc.Async.AsyncResultWrapper.WrappedAsyncResultBase`1.End()
   ? System.Web.Mvc.Controller.EndExecute(IAsyncResult asyncResult)
   ? System.Web.Mvc.Controller.System.Web.Mvc.Async.IAsyncController.EndExecute(IAsyncResult asyncResult)
   ? System.Web.Mvc.MvcHandler.<BeginProcessRequest>b__5(IAsyncResult asyncResult, ProcessRequestState innerState)
   ? System.Web.Mvc.Async.AsyncResultWrapper.WrappedAsyncVoid`1.CallEndDelegate(IAsyncResult asyncResult)
   ? System.Web.Mvc.Async.AsyncResultWrapper.WrappedAsyncResultBase`1.End()
   ? System.Web.Mvc.MvcHandler.EndProcessRequest(IAsyncResult asyncResult)
   ? System.Web.Mvc.MvcHandler.System.Web.IHttpAsyncHandler.EndProcessRequest(IAsyncResult result)
   ? System.Web.HttpApplication.CallHandlerExecutionStep.System.Web.HttpApplication.IExecutionStep.Execute()
   ? System.Web.HttpApplication.ExecuteStepImpl(IExecutionStep step)
   ? System.Web.HttpApplication.ExecuteStep(IExecutionStep step, Boolean& completedSynchronously)
2019-05-19 04:56:21.4372 | TRACE | Sluuug.MvcApplication | System.Web.HttpException (0x80004005): A public action method 'notfou' was not found on controller 'Sluuug.Controllers.ErrorController'.
   ? System.Web.Mvc.Controller.HandleUnknownAction(String actionName)
   ? System.Web.Mvc.Controller.<BeginExecuteCore>b__1d(IAsyncResult asyncResult, ExecuteCoreState innerState)
   ? System.Web.Mvc.Async.AsyncResultWrapper.WrappedAsyncVoid`1.CallEndDelegate(IAsyncResult asyncResult)
   ? System.Web.Mvc.Async.AsyncResultWrapper.WrappedAsyncResultBase`1.End()
   ? System.Web.Mvc.Controller.EndExecuteCore(IAsyncResult asyncResult)
   ? System.Web.Mvc.Controller.<BeginExecute>b__15(IAsyncResult asyncResult, Controller controller)
   ? System.Web.Mvc.Async.AsyncResultWrapper.WrappedAsyncVoid`1.CallEndDelegate(IAsyncResult asyncResult)
   ? System.Web.Mvc.Async.AsyncResultWrapper.WrappedAsyncResultBase`1.End()
   ? System.Web.Mvc.Controller.EndExecute(IAsyncResult asyncResult)
   ? System.Web.Mvc.Controller.System.Web.Mvc.Async.IAsyncController.EndExecute(IAsyncResult asyncResult)
   ? System.Web.Mvc.MvcHandler.<BeginProcessRequest>b__5(IAsyncResult asyncResult, ProcessRequestState innerState)
   ? System.Web.Mvc.Async.AsyncResultWrapper.WrappedAsyncVoid`1.CallEndDelegate(IAsyncResult asyncResult)
   ? System.Web.Mvc.Async.AsyncResultWrapper.WrappedAsyncResultBase`1.End()
   ? System.Web.Mvc.MvcHandler.EndProcessRequest(IAsyncResult asyncResult)
   ? System.Web.Mvc.MvcHandler.System.Web.IHttpAsyncHandler.EndProcessRequest(IAsyncResult result)
   ? System.Web.HttpApplication.CallHandlerExecutionStep.System.Web.HttpApplication.IExecutionStep.Execute()
   ? System.Web.HttpApplication.ExecuteStepImpl(IExecutionStep step)
   ? System.Web.HttpApplication.ExecuteStep(IExecutionStep step, Boolean& completedSynchronously)
2019-05-19 04:56:56.2781 | TRACE | Sluuug.MvcApplication | System.Web.HttpException (0x80004005): A public action method 'notfo' was not found on controller 'Sluuug.Controllers.ErrorController'.
   ? System.Web.Mvc.Controller.HandleUnknownAction(String actionName)
   ? System.Web.Mvc.Controller.<BeginExecuteCore>b__1d(IAsyncResult asyncResult, ExecuteCoreState innerState)
   ? System.Web.Mvc.Async.AsyncResultWrapper.WrappedAsyncVoid`1.CallEndDelegate(IAsyncResult asyncResult)
   ? System.Web.Mvc.Async.AsyncResultWrapper.WrappedAsyncResultBase`1.End()
   ? System.Web.Mvc.Controller.EndExecuteCore(IAsyncResult asyncResult)
   ? System.Web.Mvc.Controller.<BeginExecute>b__15(IAsyncResult asyncResult, Controller controller)
   ? System.Web.Mvc.Async.AsyncResultWrapper.WrappedAsyncVoid`1.CallEndDelegate(IAsyncResult asyncResult)
   ? System.Web.Mvc.Async.AsyncResultWrapper.WrappedAsyncResultBase`1.End()
   ? System.Web.Mvc.Controller.EndExecute(IAsyncResult asyncResult)
   ? System.Web.Mvc.Controller.System.Web.Mvc.Async.IAsyncController.EndExecute(IAsyncResult asyncResult)
   ? System.Web.Mvc.MvcHandler.<BeginProcessRequest>b__5(IAsyncResult asyncResult, ProcessRequestState innerState)
   ? System.Web.Mvc.Async.AsyncResultWrapper.WrappedAsyncVoid`1.CallEndDelegate(IAsyncResult asyncResult)
   ? System.Web.Mvc.Async.AsyncResultWrapper.WrappedAsyncResultBase`1.End()
   ? System.Web.Mvc.MvcHandler.EndProcessRequest(IAsyncResult asyncResult)
   ? System.Web.Mvc.MvcHandler.System.Web.IHttpAsyncHandler.EndProcessRequest(IAsyncResult result)
   ? System.Web.HttpApplication.CallHandlerExecutionStep.System.Web.HttpApplication.IExecutionStep.Execute()
   ? System.Web.HttpApplication.ExecuteStepImpl(IExecutionStep step)
   ? System.Web.HttpApplication.ExecuteStep(IExecutionStep step, Boolean& completedSynchronously)
