2019-05-25 18:42:07.4320 | TRACE | Sluuug.MvcApplication | System.Web.HttpException (0x80004005): The controller for path '/' was not found or does not implement IController.
   ? System.Web.Mvc.DefaultControllerFactory.GetControllerInstance(RequestContext requestContext, Type controllerType)
   ? System.Web.Mvc.DefaultControllerFactory.CreateController(RequestContext requestContext, String controllerName)
   ? System.Web.Mvc.MvcHandler.ProcessRequestInit(HttpContextBase httpContext, IController& controller, IControllerFactory& factory)
   ? System.Web.Mvc.MvcHandler.BeginProcessRequest(HttpContextBase httpContext, AsyncCallback callback, Object state)
   ? System.Web.Mvc.MvcHandler.BeginProcessRequest(HttpContext httpContext, AsyncCallback callback, Object state)
   ? System.Web.Mvc.MvcHandler.System.Web.IHttpAsyncHandler.BeginProcessRequest(HttpContext context, AsyncCallback cb, Object extraData)
   ? System.Web.HttpApplication.CallHandlerExecutionStep.System.Web.HttpApplication.IExecutionStep.Execute()
   ? System.Web.HttpApplication.ExecuteStepImpl(IExecutionStep step)
   ? System.Web.HttpApplication.ExecuteStep(IExecutionStep step, Boolean& completedSynchronously)
2019-05-25 18:42:28.5041 | TRACE | Sluuug.MvcApplication | System.Web.HttpException (0x80004005): The controller for path '/' was not found or does not implement IController.
   ? System.Web.Mvc.DefaultControllerFactory.GetControllerInstance(RequestContext requestContext, Type controllerType)
   ? System.Web.Mvc.DefaultControllerFactory.CreateController(RequestContext requestContext, String controllerName)
   ? System.Web.Mvc.MvcHandler.ProcessRequestInit(HttpContextBase httpContext, IController& controller, IControllerFactory& factory)
   ? System.Web.Mvc.MvcHandler.BeginProcessRequest(HttpContextBase httpContext, AsyncCallback callback, Object state)
   ? System.Web.Mvc.MvcHandler.BeginProcessRequest(HttpContext httpContext, AsyncCallback callback, Object state)
   ? System.Web.Mvc.MvcHandler.System.Web.IHttpAsyncHandler.BeginProcessRequest(HttpContext context, AsyncCallback cb, Object extraData)
   ? System.Web.HttpApplication.CallHandlerExecutionStep.System.Web.HttpApplication.IExecutionStep.Execute()
   ? System.Web.HttpApplication.ExecuteStepImpl(IExecutionStep step)
   ? System.Web.HttpApplication.ExecuteStep(IExecutionStep step, Boolean& completedSynchronously)
2019-05-25 18:42:40.8622 | TRACE | Sluuug.MvcApplication | System.Web.HttpException (0x80004005): The controller for path '/' was not found or does not implement IController.
   ? System.Web.Mvc.DefaultControllerFactory.GetControllerInstance(RequestContext requestContext, Type controllerType)
   ? System.Web.Mvc.DefaultControllerFactory.CreateController(RequestContext requestContext, String controllerName)
   ? System.Web.Mvc.MvcHandler.ProcessRequestInit(HttpContextBase httpContext, IController& controller, IControllerFactory& factory)
   ? System.Web.Mvc.MvcHandler.BeginProcessRequest(HttpContextBase httpContext, AsyncCallback callback, Object state)
   ? System.Web.Mvc.MvcHandler.BeginProcessRequest(HttpContext httpContext, AsyncCallback callback, Object state)
   ? System.Web.Mvc.MvcHandler.System.Web.IHttpAsyncHandler.BeginProcessRequest(HttpContext context, AsyncCallback cb, Object extraData)
   ? System.Web.HttpApplication.CallHandlerExecutionStep.System.Web.HttpApplication.IExecutionStep.Execute()
   ? System.Web.HttpApplication.ExecuteStepImpl(IExecutionStep step)
   ? System.Web.HttpApplication.ExecuteStep(IExecutionStep step, Boolean& completedSynchronously)
2019-05-25 18:47:10.9685 | TRACE | Sluuug.MvcApplication | System.Web.HttpException (0x80004005): A public action method 'Index' was not found on controller 'Sluuug.Controllers.ErrorController'.
   ? System.Web.Mvc.Controller.HandleUnknownAction(String actionName)
   ? System.Web.Mvc.Controller.<BeginExecuteCore>b__1d(IAsyncResult asyncResult, ExecuteCoreState innerState)
   ? System.Web.Mvc.Async.AsyncResultWrapper.WrappedAsyncVoid`1.CallEndDelegate(IAsyncResult asyncResult)
   ? System.Web.Mvc.Async.AsyncResultWrapper.WrappedAsyncResultBase`1.End()
   ? System.Web.Mvc.Controller.EndExecuteCore(IAsyncResult asyncResult)
   ? System.Web.Mvc.Controller.<BeginExecute>b__15(IAsyncResult asyncResult, Controller controller)
   ? System.Web.Mvc.Async.AsyncResultWrapper.WrappedAsyncVoid`1.CallEndDelegate(IAsyncResult asyncResult)
   ? System.Web.Mvc.Async.AsyncResultWrapper.WrappedAsyncResultBase`1.End()
   ? System.Web.Mvc.Controller.EndExecute(IAsyncResult asyncResult)
   ? System.Web.Mvc.Controller.System.Web.Mvc.Async.IAsyncController.EndExecute(IAsyncResult asyncResult)
   ? System.Web.Mvc.MvcHandler.<BeginProcessRequest>b__5(IAsyncResult asyncResult, ProcessRequestState innerState)
   ? System.Web.Mvc.Async.AsyncResultWrapper.WrappedAsyncVoid`1.CallEndDelegate(IAsyncResult asyncResult)
   ? System.Web.Mvc.Async.AsyncResultWrapper.WrappedAsyncResultBase`1.End()
   ? System.Web.Mvc.MvcHandler.EndProcessRequest(IAsyncResult asyncResult)
   ? System.Web.Mvc.MvcHandler.System.Web.IHttpAsyncHandler.EndProcessRequest(IAsyncResult result)
   ? System.Web.HttpApplication.CallHandlerExecutionStep.System.Web.HttpApplication.IExecutionStep.Execute()
   ? System.Web.HttpApplication.ExecuteStepImpl(IExecutionStep step)
   ? System.Web.HttpApplication.ExecuteStep(IExecutionStep step, Boolean& completedSynchronously)
2019-05-25 18:47:14.2576 | TRACE | Sluuug.MvcApplication | System.Web.HttpException (0x80004005): A public action method 'Index' was not found on controller 'Sluuug.Controllers.ErrorController'.
   ? System.Web.Mvc.Controller.HandleUnknownAction(String actionName)
   ? System.Web.Mvc.Controller.<BeginExecuteCore>b__1d(IAsyncResult asyncResult, ExecuteCoreState innerState)
   ? System.Web.Mvc.Async.AsyncResultWrapper.WrappedAsyncVoid`1.CallEndDelegate(IAsyncResult asyncResult)
   ? System.Web.Mvc.Async.AsyncResultWrapper.WrappedAsyncResultBase`1.End()
   ? System.Web.Mvc.Controller.EndExecuteCore(IAsyncResult asyncResult)
   ? System.Web.Mvc.Controller.<BeginExecute>b__15(IAsyncResult asyncResult, Controller controller)
   ? System.Web.Mvc.Async.AsyncResultWrapper.WrappedAsyncVoid`1.CallEndDelegate(IAsyncResult asyncResult)
   ? System.Web.Mvc.Async.AsyncResultWrapper.WrappedAsyncResultBase`1.End()
   ? System.Web.Mvc.Controller.EndExecute(IAsyncResult asyncResult)
   ? System.Web.Mvc.Controller.System.Web.Mvc.Async.IAsyncController.EndExecute(IAsyncResult asyncResult)
   ? System.Web.Mvc.MvcHandler.<BeginProcessRequest>b__5(IAsyncResult asyncResult, ProcessRequestState innerState)
   ? System.Web.Mvc.Async.AsyncResultWrapper.WrappedAsyncVoid`1.CallEndDelegate(IAsyncResult asyncResult)
   ? System.Web.Mvc.Async.AsyncResultWrapper.WrappedAsyncResultBase`1.End()
   ? System.Web.Mvc.MvcHandler.EndProcessRequest(IAsyncResult asyncResult)
   ? System.Web.Mvc.MvcHandler.System.Web.IHttpAsyncHandler.EndProcessRequest(IAsyncResult result)
   ? System.Web.HttpApplication.CallHandlerExecutionStep.System.Web.HttpApplication.IExecutionStep.Execute()
   ? System.Web.HttpApplication.ExecuteStepImpl(IExecutionStep step)
   ? System.Web.HttpApplication.ExecuteStep(IExecutionStep step, Boolean& completedSynchronously)
