2019-06-15 12:28:57.8980 | TRACE | http_exception_logger | System.Web.HttpException (0x80004005): A public action method 'login' was not found on controller 'Slug.Controllers.guestController'.
   ? System.Web.Mvc.Controller.HandleUnknownAction(String actionName)
   ? System.Web.Mvc.Controller.<BeginExecuteCore>b__1d(IAsyncResult asyncResult, ExecuteCoreState innerState)
   ? System.Web.Mvc.Async.AsyncResultWrapper.WrappedAsyncVoid`1.CallEndDelegate(IAsyncResult asyncResult)
   ? System.Web.Mvc.Async.AsyncResultWrapper.WrappedAsyncResultBase`1.End()
   ? System.Web.Mvc.Controller.EndExecuteCore(IAsyncResult asyncResult)
   ? System.Web.Mvc.Controller.<BeginExecute>b__15(IAsyncResult asyncResult, Controller controller)
   ? System.Web.Mvc.Async.AsyncResultWrapper.WrappedAsyncVoid`1.CallEndDelegate(IAsyncResult asyncResult)
   ? System.Web.Mvc.Async.AsyncResultWrapper.WrappedAsyncResultBase`1.End()
   ? System.Web.Mvc.Controller.EndExecute(IAsyncResult asyncResult)
   ? System.Web.Mvc.Controller.System.Web.Mvc.Async.IAsyncController.EndExecute(IAsyncResult asyncResult)
   ? System.Web.Mvc.MvcHandler.<BeginProcessRequest>b__5(IAsyncResult asyncResult, ProcessRequestState innerState)
   ? System.Web.Mvc.Async.AsyncResultWrapper.WrappedAsyncVoid`1.CallEndDelegate(IAsyncResult asyncResult)
   ? System.Web.Mvc.Async.AsyncResultWrapper.WrappedAsyncResultBase`1.End()
   ? System.Web.Mvc.MvcHandler.EndProcessRequest(IAsyncResult asyncResult)
   ? System.Web.Mvc.MvcHandler.System.Web.IHttpAsyncHandler.EndProcessRequest(IAsyncResult result)
   ? System.Web.HttpApplication.CallHandlerExecutionStep.System.Web.HttpApplication.IExecutionStep.Execute()
   ? System.Web.HttpApplication.ExecuteStepImpl(IExecutionStep step)
   ? System.Web.HttpApplication.ExecuteStep(IExecutionStep step, Boolean& completedSynchronously)
2019-06-15 13:32:00.1982 | TRACE | http_exception_logger | System.Web.HttpCompileException (0x80004005): D:\SLUG\Sluuug\Sluuug\Views\Guest\Index.cshtml(55): error CS0103: The name 'MinRegistrationDate' does not exist in the current context
   ? System.Web.Compilation.AssemblyBuilder.Compile()
   ? System.Web.Compilation.BuildProvidersCompiler.PerformBuild()
   ? System.Web.Compilation.BuildManager.CompileWebFile(VirtualPath virtualPath)
   ? System.Web.Compilation.BuildManager.GetVPathBuildResultInternal(VirtualPath virtualPath, Boolean noBuild, Boolean allowCrossApp, Boolean allowBuildInPrecompile, Boolean throwIfNotFound, Boolean ensureIsUpToDate)
   ? System.Web.Compilation.BuildManager.GetVPathBuildResultWithNoAssert(HttpContext context, VirtualPath virtualPath, Boolean noBuild, Boolean allowCrossApp, Boolean allowBuildInPrecompile, Boolean throwIfNotFound, Boolean ensureIsUpToDate)
   ? System.Web.Compilation.BuildManager.GetVirtualPathObjectFactory(VirtualPath virtualPath, HttpContext context, Boolean allowCrossApp, Boolean throwIfNotFound)
   ? System.Web.Compilation.BuildManager.GetCompiledType(VirtualPath virtualPath)
   ? System.Web.Compilation.BuildManager.GetCompiledType(String virtualPath)
   ? System.Web.Mvc.BuildManagerWrapper.System.Web.Mvc.IBuildManager.GetCompiledType(String virtualPath)
   ? System.Web.Mvc.BuildManagerCompiledView.Render(ViewContext viewContext, TextWriter writer)
   ? System.Web.Mvc.ViewResultBase.ExecuteResult(ControllerContext context)
   ? System.Web.Mvc.ControllerActionInvoker.InvokeActionResult(ControllerContext controllerContext, ActionResult actionResult)
   ? System.Web.Mvc.ControllerActionInvoker.InvokeActionResultFilterRecursive(IList`1 filters, Int32 filterIndex, ResultExecutingContext preContext, ControllerContext controllerContext, ActionResult actionResult)
   ? System.Web.Mvc.ControllerActionInvoker.InvokeActionResultFilterRecursive(IList`1 filters, Int32 filterIndex, ResultExecutingContext preContext, ControllerContext controllerContext, ActionResult actionResult)
   ? System.Web.Mvc.ControllerActionInvoker.InvokeActionResultWithFilters(ControllerContext controllerContext, IList`1 filters, ActionResult actionResult)
   ? System.Web.Mvc.Async.AsyncControllerActionInvoker.<>c__DisplayClass21.<>c__DisplayClass2b.<BeginInvokeAction>b__1c()
   ? System.Web.Mvc.Async.AsyncControllerActionInvoker.<>c__DisplayClass21.<BeginInvokeAction>b__1e(IAsyncResult asyncResult)
   ? System.Web.Mvc.Async.AsyncResultWrapper.WrappedAsyncResult`1.CallEndDelegate(IAsyncResult asyncResult)
   ? System.Web.Mvc.Async.AsyncResultWrapper.WrappedAsyncResultBase`1.End()
   ? System.Web.Mvc.Async.AsyncControllerActionInvoker.EndInvokeAction(IAsyncResult asyncResult)
   ? System.Web.Mvc.Controller.<BeginExecuteCore>b__1d(IAsyncResult asyncResult, ExecuteCoreState innerState)
   ? System.Web.Mvc.Async.AsyncResultWrapper.WrappedAsyncVoid`1.CallEndDelegate(IAsyncResult asyncResult)
   ? System.Web.Mvc.Async.AsyncResultWrapper.WrappedAsyncResultBase`1.End()
   ? System.Web.Mvc.Controller.EndExecuteCore(IAsyncResult asyncResult)
   ? System.Web.Mvc.Controller.<BeginExecute>b__15(IAsyncResult asyncResult, Controller controller)
   ? System.Web.Mvc.Async.AsyncResultWrapper.WrappedAsyncVoid`1.CallEndDelegate(IAsyncResult asyncResult)
   ? System.Web.Mvc.Async.AsyncResultWrapper.WrappedAsyncResultBase`1.End()
   ? System.Web.Mvc.Controller.EndExecute(IAsyncResult asyncResult)
   ? System.Web.Mvc.Controller.System.Web.Mvc.Async.IAsyncController.EndExecute(IAsyncResult asyncResult)
   ? System.Web.Mvc.MvcHandler.<BeginProcessRequest>b__5(IAsyncResult asyncResult, ProcessRequestState innerState)
   ? System.Web.Mvc.Async.AsyncResultWrapper.WrappedAsyncVoid`1.CallEndDelegate(IAsyncResult asyncResult)
   ? System.Web.Mvc.Async.AsyncResultWrapper.WrappedAsyncResultBase`1.End()
   ? System.Web.Mvc.MvcHandler.EndProcessRequest(IAsyncResult asyncResult)
   ? System.Web.Mvc.MvcHandler.System.Web.IHttpAsyncHandler.EndProcessRequest(IAsyncResult result)
   ? System.Web.HttpApplication.CallHandlerExecutionStep.System.Web.HttpApplication.IExecutionStep.Execute()
   ? System.Web.HttpApplication.ExecuteStepImpl(IExecutionStep step)
   ? System.Web.HttpApplication.ExecuteStep(IExecutionStep step, Boolean& completedSynchronously)
2019-06-15 13:32:16.3668 | TRACE | http_exception_logger | System.Web.HttpCompileException (0x80004005): D:\SLUG\Sluuug\Sluuug\Views\Guest\Index.cshtml(55): error CS0103: The name 'MinRegistrationDate' does not exist in the current context
   ? System.Web.Compilation.AssemblyBuilder.Compile()
   ? System.Web.Compilation.BuildProvidersCompiler.PerformBuild()
   ? System.Web.Compilation.BuildManager.CompileWebFile(VirtualPath virtualPath)
   ? System.Web.Compilation.BuildManager.GetVPathBuildResultInternal(VirtualPath virtualPath, Boolean noBuild, Boolean allowCrossApp, Boolean allowBuildInPrecompile, Boolean throwIfNotFound, Boolean ensureIsUpToDate)
   ? System.Web.Compilation.BuildManager.GetVPathBuildResultWithNoAssert(HttpContext context, VirtualPath virtualPath, Boolean noBuild, Boolean allowCrossApp, Boolean allowBuildInPrecompile, Boolean throwIfNotFound, Boolean ensureIsUpToDate)
   ? System.Web.Compilation.BuildManager.GetVirtualPathObjectFactory(VirtualPath virtualPath, HttpContext context, Boolean allowCrossApp, Boolean throwIfNotFound)
   ? System.Web.Compilation.BuildManager.GetCompiledType(VirtualPath virtualPath)
   ? System.Web.Compilation.BuildManager.GetCompiledType(String virtualPath)
   ? System.Web.Mvc.BuildManagerWrapper.System.Web.Mvc.IBuildManager.GetCompiledType(String virtualPath)
   ? System.Web.Mvc.BuildManagerCompiledView.Render(ViewContext viewContext, TextWriter writer)
   ? System.Web.Mvc.ViewResultBase.ExecuteResult(ControllerContext context)
   ? System.Web.Mvc.ControllerActionInvoker.InvokeActionResult(ControllerContext controllerContext, ActionResult actionResult)
   ? System.Web.Mvc.ControllerActionInvoker.InvokeActionResultFilterRecursive(IList`1 filters, Int32 filterIndex, ResultExecutingContext preContext, ControllerContext controllerContext, ActionResult actionResult)
   ? System.Web.Mvc.ControllerActionInvoker.InvokeActionResultFilterRecursive(IList`1 filters, Int32 filterIndex, ResultExecutingContext preContext, ControllerContext controllerContext, ActionResult actionResult)
   ? System.Web.Mvc.ControllerActionInvoker.InvokeActionResultWithFilters(ControllerContext controllerContext, IList`1 filters, ActionResult actionResult)
   ? System.Web.Mvc.Async.AsyncControllerActionInvoker.<>c__DisplayClass21.<>c__DisplayClass2b.<BeginInvokeAction>b__1c()
   ? System.Web.Mvc.Async.AsyncControllerActionInvoker.<>c__DisplayClass21.<BeginInvokeAction>b__1e(IAsyncResult asyncResult)
   ? System.Web.Mvc.Async.AsyncResultWrapper.WrappedAsyncResult`1.CallEndDelegate(IAsyncResult asyncResult)
   ? System.Web.Mvc.Async.AsyncResultWrapper.WrappedAsyncResultBase`1.End()
   ? System.Web.Mvc.Async.AsyncControllerActionInvoker.EndInvokeAction(IAsyncResult asyncResult)
   ? System.Web.Mvc.Controller.<BeginExecuteCore>b__1d(IAsyncResult asyncResult, ExecuteCoreState innerState)
   ? System.Web.Mvc.Async.AsyncResultWrapper.WrappedAsyncVoid`1.CallEndDelegate(IAsyncResult asyncResult)
   ? System.Web.Mvc.Async.AsyncResultWrapper.WrappedAsyncResultBase`1.End()
   ? System.Web.Mvc.Controller.EndExecuteCore(IAsyncResult asyncResult)
   ? System.Web.Mvc.Controller.<BeginExecute>b__15(IAsyncResult asyncResult, Controller controller)
   ? System.Web.Mvc.Async.AsyncResultWrapper.WrappedAsyncVoid`1.CallEndDelegate(IAsyncResult asyncResult)
   ? System.Web.Mvc.Async.AsyncResultWrapper.WrappedAsyncResultBase`1.End()
   ? System.Web.Mvc.Controller.EndExecute(IAsyncResult asyncResult)
   ? System.Web.Mvc.Controller.System.Web.Mvc.Async.IAsyncController.EndExecute(IAsyncResult asyncResult)
   ? System.Web.Mvc.MvcHandler.<BeginProcessRequest>b__5(IAsyncResult asyncResult, ProcessRequestState innerState)
   ? System.Web.Mvc.Async.AsyncResultWrapper.WrappedAsyncVoid`1.CallEndDelegate(IAsyncResult asyncResult)
   ? System.Web.Mvc.Async.AsyncResultWrapper.WrappedAsyncResultBase`1.End()
   ? System.Web.Mvc.MvcHandler.EndProcessRequest(IAsyncResult asyncResult)
   ? System.Web.Mvc.MvcHandler.System.Web.IHttpAsyncHandler.EndProcessRequest(IAsyncResult result)
   ? System.Web.HttpApplication.CallHandlerExecutionStep.System.Web.HttpApplication.IExecutionStep.Execute()
   ? System.Web.HttpApplication.ExecuteStepImpl(IExecutionStep step)
   ? System.Web.HttpApplication.ExecuteStep(IExecutionStep step, Boolean& completedSynchronously)
2019-06-15 20:28:17.4173 | TRACE | http_exception_logger | System.Web.HttpException (0x80004005): A public action method 'public_api' was not found on controller 'Slug.Controllers.guestController'.
   ? System.Web.Mvc.Controller.HandleUnknownAction(String actionName)
   ? System.Web.Mvc.Controller.<BeginExecuteCore>b__1d(IAsyncResult asyncResult, ExecuteCoreState innerState)
   ? System.Web.Mvc.Async.AsyncResultWrapper.WrappedAsyncVoid`1.CallEndDelegate(IAsyncResult asyncResult)
   ? System.Web.Mvc.Async.AsyncResultWrapper.WrappedAsyncResultBase`1.End()
   ? System.Web.Mvc.Controller.EndExecuteCore(IAsyncResult asyncResult)
   ? System.Web.Mvc.Controller.<BeginExecute>b__15(IAsyncResult asyncResult, Controller controller)
   ? System.Web.Mvc.Async.AsyncResultWrapper.WrappedAsyncVoid`1.CallEndDelegate(IAsyncResult asyncResult)
   ? System.Web.Mvc.Async.AsyncResultWrapper.WrappedAsyncResultBase`1.End()
   ? System.Web.Mvc.Controller.EndExecute(IAsyncResult asyncResult)
   ? System.Web.Mvc.Controller.System.Web.Mvc.Async.IAsyncController.EndExecute(IAsyncResult asyncResult)
   ? System.Web.Mvc.MvcHandler.<BeginProcessRequest>b__5(IAsyncResult asyncResult, ProcessRequestState innerState)
   ? System.Web.Mvc.Async.AsyncResultWrapper.WrappedAsyncVoid`1.CallEndDelegate(IAsyncResult asyncResult)
   ? System.Web.Mvc.Async.AsyncResultWrapper.WrappedAsyncResultBase`1.End()
   ? System.Web.Mvc.MvcHandler.EndProcessRequest(IAsyncResult asyncResult)
   ? System.Web.Mvc.MvcHandler.System.Web.IHttpAsyncHandler.EndProcessRequest(IAsyncResult result)
   ? System.Web.HttpApplication.CallHandlerExecutionStep.System.Web.HttpApplication.IExecutionStep.Execute()
   ? System.Web.HttpApplication.ExecuteStepImpl(IExecutionStep step)
   ? System.Web.HttpApplication.ExecuteStep(IExecutionStep step, Boolean& completedSynchronously)
2019-06-15 20:29:24.2415 | TRACE | http_exception_logger | System.Web.HttpException (0x80004005): A public action method 'public_api' was not found on controller 'Slug.Controllers.guestController'.
   ? System.Web.Mvc.Controller.HandleUnknownAction(String actionName)
   ? System.Web.Mvc.Controller.<BeginExecuteCore>b__1d(IAsyncResult asyncResult, ExecuteCoreState innerState)
   ? System.Web.Mvc.Async.AsyncResultWrapper.WrappedAsyncVoid`1.CallEndDelegate(IAsyncResult asyncResult)
   ? System.Web.Mvc.Async.AsyncResultWrapper.WrappedAsyncResultBase`1.End()
   ? System.Web.Mvc.Controller.EndExecuteCore(IAsyncResult asyncResult)
   ? System.Web.Mvc.Controller.<BeginExecute>b__15(IAsyncResult asyncResult, Controller controller)
   ? System.Web.Mvc.Async.AsyncResultWrapper.WrappedAsyncVoid`1.CallEndDelegate(IAsyncResult asyncResult)
   ? System.Web.Mvc.Async.AsyncResultWrapper.WrappedAsyncResultBase`1.End()
   ? System.Web.Mvc.Controller.EndExecute(IAsyncResult asyncResult)
   ? System.Web.Mvc.Controller.System.Web.Mvc.Async.IAsyncController.EndExecute(IAsyncResult asyncResult)
   ? System.Web.Mvc.MvcHandler.<BeginProcessRequest>b__5(IAsyncResult asyncResult, ProcessRequestState innerState)
   ? System.Web.Mvc.Async.AsyncResultWrapper.WrappedAsyncVoid`1.CallEndDelegate(IAsyncResult asyncResult)
   ? System.Web.Mvc.Async.AsyncResultWrapper.WrappedAsyncResultBase`1.End()
   ? System.Web.Mvc.MvcHandler.EndProcessRequest(IAsyncResult asyncResult)
   ? System.Web.Mvc.MvcHandler.System.Web.IHttpAsyncHandler.EndProcessRequest(IAsyncResult result)
   ? System.Web.HttpApplication.CallHandlerExecutionStep.System.Web.HttpApplication.IExecutionStep.Execute()
   ? System.Web.HttpApplication.ExecuteStepImpl(IExecutionStep step)
   ? System.Web.HttpApplication.ExecuteStep(IExecutionStep step, Boolean& completedSynchronously)
2019-06-15 20:29:44.4455 | TRACE | http_exception_logger | System.Web.HttpException (0x80004005): A public action method 'public_api' was not found on controller 'Slug.Controllers.guestController'.
   ? System.Web.Mvc.Controller.HandleUnknownAction(String actionName)
   ? System.Web.Mvc.Controller.<BeginExecuteCore>b__1d(IAsyncResult asyncResult, ExecuteCoreState innerState)
   ? System.Web.Mvc.Async.AsyncResultWrapper.WrappedAsyncVoid`1.CallEndDelegate(IAsyncResult asyncResult)
   ? System.Web.Mvc.Async.AsyncResultWrapper.WrappedAsyncResultBase`1.End()
   ? System.Web.Mvc.Controller.EndExecuteCore(IAsyncResult asyncResult)
   ? System.Web.Mvc.Controller.<BeginExecute>b__15(IAsyncResult asyncResult, Controller controller)
   ? System.Web.Mvc.Async.AsyncResultWrapper.WrappedAsyncVoid`1.CallEndDelegate(IAsyncResult asyncResult)
   ? System.Web.Mvc.Async.AsyncResultWrapper.WrappedAsyncResultBase`1.End()
   ? System.Web.Mvc.Controller.EndExecute(IAsyncResult asyncResult)
   ? System.Web.Mvc.Controller.System.Web.Mvc.Async.IAsyncController.EndExecute(IAsyncResult asyncResult)
   ? System.Web.Mvc.MvcHandler.<BeginProcessRequest>b__5(IAsyncResult asyncResult, ProcessRequestState innerState)
   ? System.Web.Mvc.Async.AsyncResultWrapper.WrappedAsyncVoid`1.CallEndDelegate(IAsyncResult asyncResult)
   ? System.Web.Mvc.Async.AsyncResultWrapper.WrappedAsyncResultBase`1.End()
   ? System.Web.Mvc.MvcHandler.EndProcessRequest(IAsyncResult asyncResult)
   ? System.Web.Mvc.MvcHandler.System.Web.IHttpAsyncHandler.EndProcessRequest(IAsyncResult result)
   ? System.Web.HttpApplication.CallHandlerExecutionStep.System.Web.HttpApplication.IExecutionStep.Execute()
   ? System.Web.HttpApplication.ExecuteStepImpl(IExecutionStep step)
   ? System.Web.HttpApplication.ExecuteStep(IExecutionStep step, Boolean& completedSynchronously)
2019-06-15 20:34:39.0070 | TRACE | http_exception_logger | System.Web.HttpException (0x80004005): A public action method 'public_api' was not found on controller 'Slug.Controllers.guestController'.
   ? System.Web.Mvc.Controller.HandleUnknownAction(String actionName)
   ? System.Web.Mvc.Controller.<BeginExecuteCore>b__1d(IAsyncResult asyncResult, ExecuteCoreState innerState)
   ? System.Web.Mvc.Async.AsyncResultWrapper.WrappedAsyncVoid`1.CallEndDelegate(IAsyncResult asyncResult)
   ? System.Web.Mvc.Async.AsyncResultWrapper.WrappedAsyncResultBase`1.End()
   ? System.Web.Mvc.Controller.EndExecuteCore(IAsyncResult asyncResult)
   ? System.Web.Mvc.Controller.<BeginExecute>b__15(IAsyncResult asyncResult, Controller controller)
   ? System.Web.Mvc.Async.AsyncResultWrapper.WrappedAsyncVoid`1.CallEndDelegate(IAsyncResult asyncResult)
   ? System.Web.Mvc.Async.AsyncResultWrapper.WrappedAsyncResultBase`1.End()
   ? System.Web.Mvc.Controller.EndExecute(IAsyncResult asyncResult)
   ? System.Web.Mvc.Controller.System.Web.Mvc.Async.IAsyncController.EndExecute(IAsyncResult asyncResult)
   ? System.Web.Mvc.MvcHandler.<BeginProcessRequest>b__5(IAsyncResult asyncResult, ProcessRequestState innerState)
   ? System.Web.Mvc.Async.AsyncResultWrapper.WrappedAsyncVoid`1.CallEndDelegate(IAsyncResult asyncResult)
   ? System.Web.Mvc.Async.AsyncResultWrapper.WrappedAsyncResultBase`1.End()
   ? System.Web.Mvc.MvcHandler.EndProcessRequest(IAsyncResult asyncResult)
   ? System.Web.Mvc.MvcHandler.System.Web.IHttpAsyncHandler.EndProcessRequest(IAsyncResult result)
   ? System.Web.HttpApplication.CallHandlerExecutionStep.System.Web.HttpApplication.IExecutionStep.Execute()
   ? System.Web.HttpApplication.ExecuteStepImpl(IExecutionStep step)
   ? System.Web.HttpApplication.ExecuteStep(IExecutionStep step, Boolean& completedSynchronously)
2019-06-15 20:36:06.6163 | TRACE | http_exception_logger | System.Web.HttpException (0x80004005): A public action method 'public_api' was not found on controller 'Slug.Controllers.guestController'.
   ? System.Web.Mvc.Controller.HandleUnknownAction(String actionName)
   ? System.Web.Mvc.Controller.<BeginExecuteCore>b__1d(IAsyncResult asyncResult, ExecuteCoreState innerState)
   ? System.Web.Mvc.Async.AsyncResultWrapper.WrappedAsyncVoid`1.CallEndDelegate(IAsyncResult asyncResult)
   ? System.Web.Mvc.Async.AsyncResultWrapper.WrappedAsyncResultBase`1.End()
   ? System.Web.Mvc.Controller.EndExecuteCore(IAsyncResult asyncResult)
   ? System.Web.Mvc.Controller.<BeginExecute>b__15(IAsyncResult asyncResult, Controller controller)
   ? System.Web.Mvc.Async.AsyncResultWrapper.WrappedAsyncVoid`1.CallEndDelegate(IAsyncResult asyncResult)
   ? System.Web.Mvc.Async.AsyncResultWrapper.WrappedAsyncResultBase`1.End()
   ? System.Web.Mvc.Controller.EndExecute(IAsyncResult asyncResult)
   ? System.Web.Mvc.Controller.System.Web.Mvc.Async.IAsyncController.EndExecute(IAsyncResult asyncResult)
   ? System.Web.Mvc.MvcHandler.<BeginProcessRequest>b__5(IAsyncResult asyncResult, ProcessRequestState innerState)
   ? System.Web.Mvc.Async.AsyncResultWrapper.WrappedAsyncVoid`1.CallEndDelegate(IAsyncResult asyncResult)
   ? System.Web.Mvc.Async.AsyncResultWrapper.WrappedAsyncResultBase`1.End()
   ? System.Web.Mvc.MvcHandler.EndProcessRequest(IAsyncResult asyncResult)
   ? System.Web.Mvc.MvcHandler.System.Web.IHttpAsyncHandler.EndProcessRequest(IAsyncResult result)
   ? System.Web.HttpApplication.CallHandlerExecutionStep.System.Web.HttpApplication.IExecutionStep.Execute()
   ? System.Web.HttpApplication.ExecuteStepImpl(IExecutionStep step)
   ? System.Web.HttpApplication.ExecuteStep(IExecutionStep step, Boolean& completedSynchronously)
2019-06-15 20:36:12.3769 | TRACE | http_exception_logger | System.Web.HttpException (0x80004005): A public action method 'public_api' was not found on controller 'Slug.Controllers.guestController'.
   ? System.Web.Mvc.Controller.HandleUnknownAction(String actionName)
   ? System.Web.Mvc.Controller.<BeginExecuteCore>b__1d(IAsyncResult asyncResult, ExecuteCoreState innerState)
   ? System.Web.Mvc.Async.AsyncResultWrapper.WrappedAsyncVoid`1.CallEndDelegate(IAsyncResult asyncResult)
   ? System.Web.Mvc.Async.AsyncResultWrapper.WrappedAsyncResultBase`1.End()
   ? System.Web.Mvc.Controller.EndExecuteCore(IAsyncResult asyncResult)
   ? System.Web.Mvc.Controller.<BeginExecute>b__15(IAsyncResult asyncResult, Controller controller)
   ? System.Web.Mvc.Async.AsyncResultWrapper.WrappedAsyncVoid`1.CallEndDelegate(IAsyncResult asyncResult)
   ? System.Web.Mvc.Async.AsyncResultWrapper.WrappedAsyncResultBase`1.End()
   ? System.Web.Mvc.Controller.EndExecute(IAsyncResult asyncResult)
   ? System.Web.Mvc.Controller.System.Web.Mvc.Async.IAsyncController.EndExecute(IAsyncResult asyncResult)
   ? System.Web.Mvc.MvcHandler.<BeginProcessRequest>b__5(IAsyncResult asyncResult, ProcessRequestState innerState)
   ? System.Web.Mvc.Async.AsyncResultWrapper.WrappedAsyncVoid`1.CallEndDelegate(IAsyncResult asyncResult)
   ? System.Web.Mvc.Async.AsyncResultWrapper.WrappedAsyncResultBase`1.End()
   ? System.Web.Mvc.MvcHandler.EndProcessRequest(IAsyncResult asyncResult)
   ? System.Web.Mvc.MvcHandler.System.Web.IHttpAsyncHandler.EndProcessRequest(IAsyncResult result)
   ? System.Web.HttpApplication.CallHandlerExecutionStep.System.Web.HttpApplication.IExecutionStep.Execute()
   ? System.Web.HttpApplication.ExecuteStepImpl(IExecutionStep step)
   ? System.Web.HttpApplication.ExecuteStep(IExecutionStep step, Boolean& completedSynchronously)
2019-06-15 20:37:59.0068 | TRACE | http_exception_logger | System.Web.HttpException (0x80004005): A public action method 'public_api' was not found on controller 'Slug.Controllers.guestController'.
   ? System.Web.Mvc.Controller.HandleUnknownAction(String actionName)
   ? System.Web.Mvc.Controller.<BeginExecuteCore>b__1d(IAsyncResult asyncResult, ExecuteCoreState innerState)
   ? System.Web.Mvc.Async.AsyncResultWrapper.WrappedAsyncVoid`1.CallEndDelegate(IAsyncResult asyncResult)
   ? System.Web.Mvc.Async.AsyncResultWrapper.WrappedAsyncResultBase`1.End()
   ? System.Web.Mvc.Controller.EndExecuteCore(IAsyncResult asyncResult)
   ? System.Web.Mvc.Controller.<BeginExecute>b__15(IAsyncResult asyncResult, Controller controller)
   ? System.Web.Mvc.Async.AsyncResultWrapper.WrappedAsyncVoid`1.CallEndDelegate(IAsyncResult asyncResult)
   ? System.Web.Mvc.Async.AsyncResultWrapper.WrappedAsyncResultBase`1.End()
   ? System.Web.Mvc.Controller.EndExecute(IAsyncResult asyncResult)
   ? System.Web.Mvc.Controller.System.Web.Mvc.Async.IAsyncController.EndExecute(IAsyncResult asyncResult)
   ? System.Web.Mvc.MvcHandler.<BeginProcessRequest>b__5(IAsyncResult asyncResult, ProcessRequestState innerState)
   ? System.Web.Mvc.Async.AsyncResultWrapper.WrappedAsyncVoid`1.CallEndDelegate(IAsyncResult asyncResult)
   ? System.Web.Mvc.Async.AsyncResultWrapper.WrappedAsyncResultBase`1.End()
   ? System.Web.Mvc.MvcHandler.EndProcessRequest(IAsyncResult asyncResult)
   ? System.Web.Mvc.MvcHandler.System.Web.IHttpAsyncHandler.EndProcessRequest(IAsyncResult result)
   ? System.Web.HttpApplication.CallHandlerExecutionStep.System.Web.HttpApplication.IExecutionStep.Execute()
   ? System.Web.HttpApplication.ExecuteStepImpl(IExecutionStep step)
   ? System.Web.HttpApplication.ExecuteStep(IExecutionStep step, Boolean& completedSynchronously)
2019-06-15 20:38:38.9760 | TRACE | http_exception_logger | System.Web.HttpException (0x80004005): A public action method 'public_api' was not found on controller 'Slug.Controllers.guestController'.
   ? System.Web.Mvc.Controller.HandleUnknownAction(String actionName)
   ? System.Web.Mvc.Controller.<BeginExecuteCore>b__1d(IAsyncResult asyncResult, ExecuteCoreState innerState)
   ? System.Web.Mvc.Async.AsyncResultWrapper.WrappedAsyncVoid`1.CallEndDelegate(IAsyncResult asyncResult)
   ? System.Web.Mvc.Async.AsyncResultWrapper.WrappedAsyncResultBase`1.End()
   ? System.Web.Mvc.Controller.EndExecuteCore(IAsyncResult asyncResult)
   ? System.Web.Mvc.Controller.<BeginExecute>b__15(IAsyncResult asyncResult, Controller controller)
   ? System.Web.Mvc.Async.AsyncResultWrapper.WrappedAsyncVoid`1.CallEndDelegate(IAsyncResult asyncResult)
   ? System.Web.Mvc.Async.AsyncResultWrapper.WrappedAsyncResultBase`1.End()
   ? System.Web.Mvc.Controller.EndExecute(IAsyncResult asyncResult)
   ? System.Web.Mvc.Controller.System.Web.Mvc.Async.IAsyncController.EndExecute(IAsyncResult asyncResult)
   ? System.Web.Mvc.MvcHandler.<BeginProcessRequest>b__5(IAsyncResult asyncResult, ProcessRequestState innerState)
   ? System.Web.Mvc.Async.AsyncResultWrapper.WrappedAsyncVoid`1.CallEndDelegate(IAsyncResult asyncResult)
   ? System.Web.Mvc.Async.AsyncResultWrapper.WrappedAsyncResultBase`1.End()
   ? System.Web.Mvc.MvcHandler.EndProcessRequest(IAsyncResult asyncResult)
   ? System.Web.Mvc.MvcHandler.System.Web.IHttpAsyncHandler.EndProcessRequest(IAsyncResult result)
   ? System.Web.HttpApplication.CallHandlerExecutionStep.System.Web.HttpApplication.IExecutionStep.Execute()
   ? System.Web.HttpApplication.ExecuteStepImpl(IExecutionStep step)
   ? System.Web.HttpApplication.ExecuteStep(IExecutionStep step, Boolean& completedSynchronously)
2019-06-15 20:44:38.5872 | TRACE | http_exception_logger | System.Web.HttpException (0x80004005): A public action method 'public_api' was not found on controller 'Slug.Controllers.guestController'.
   ? System.Web.Mvc.Controller.HandleUnknownAction(String actionName)
   ? System.Web.Mvc.Controller.<BeginExecuteCore>b__1d(IAsyncResult asyncResult, ExecuteCoreState innerState)
   ? System.Web.Mvc.Async.AsyncResultWrapper.WrappedAsyncVoid`1.CallEndDelegate(IAsyncResult asyncResult)
   ? System.Web.Mvc.Async.AsyncResultWrapper.WrappedAsyncResultBase`1.End()
   ? System.Web.Mvc.Controller.EndExecuteCore(IAsyncResult asyncResult)
   ? System.Web.Mvc.Controller.<BeginExecute>b__15(IAsyncResult asyncResult, Controller controller)
   ? System.Web.Mvc.Async.AsyncResultWrapper.WrappedAsyncVoid`1.CallEndDelegate(IAsyncResult asyncResult)
   ? System.Web.Mvc.Async.AsyncResultWrapper.WrappedAsyncResultBase`1.End()
   ? System.Web.Mvc.Controller.EndExecute(IAsyncResult asyncResult)
   ? System.Web.Mvc.Controller.System.Web.Mvc.Async.IAsyncController.EndExecute(IAsyncResult asyncResult)
   ? System.Web.Mvc.MvcHandler.<BeginProcessRequest>b__5(IAsyncResult asyncResult, ProcessRequestState innerState)
   ? System.Web.Mvc.Async.AsyncResultWrapper.WrappedAsyncVoid`1.CallEndDelegate(IAsyncResult asyncResult)
   ? System.Web.Mvc.Async.AsyncResultWrapper.WrappedAsyncResultBase`1.End()
   ? System.Web.Mvc.MvcHandler.EndProcessRequest(IAsyncResult asyncResult)
   ? System.Web.Mvc.MvcHandler.System.Web.IHttpAsyncHandler.EndProcessRequest(IAsyncResult result)
   ? System.Web.HttpApplication.CallHandlerExecutionStep.System.Web.HttpApplication.IExecutionStep.Execute()
   ? System.Web.HttpApplication.ExecuteStepImpl(IExecutionStep step)
   ? System.Web.HttpApplication.ExecuteStep(IExecutionStep step, Boolean& completedSynchronously)
