2019-06-15 12:28:38.6009 | ERROR | internal_error_logger | System.ArgumentOutOfRangeException: ???????????? ????????? ???????? ?????? ?????????? ? ????????? ?? DateTime.MinValue.Ticks ?? DateTime.MaxValue.Ticks.
??? ?????????: ticks
   ? System.DateTime..ctor(Int64 ticks)
   ? Slug.Helpers.UsersHandler.GetFullUserInfo(String session_id) ? D:\SLUG\Sluuug\Sluuug\Helpers\Handlers\UsersHandler.cs:?????? 130
   ? Slug.Controllers.PrivateController.<my>d__1.MoveNext() ? D:\SLUG\Sluuug\Sluuug\Controllers\PrivateController.cs:?????? 37
--- ????? ??????????? ????? ?? ??????????? ????????????, ??? ???????? ?????????? ---
   ? System.Runtime.CompilerServices.TaskAwaiter.ThrowForNonSuccess(Task task)
   ? System.Runtime.CompilerServices.TaskAwaiter.HandleNonSuccessAndDebuggerNotification(Task task)
   ? System.Web.Mvc.Async.TaskAsyncActionDescriptor.EndExecute(IAsyncResult asyncResult)
   ? System.Web.Mvc.Async.AsyncControllerActionInvoker.<>c__DisplayClass37.<BeginInvokeAsynchronousActionMethod>b__36(IAsyncResult asyncResult)
   ? System.Web.Mvc.Async.AsyncResultWrapper.WrappedAsyncResult`1.CallEndDelegate(IAsyncResult asyncResult)
   ? System.Web.Mvc.Async.AsyncResultWrapper.WrappedAsyncResultBase`1.End()
   ? System.Web.Mvc.Async.AsyncControllerActionInvoker.EndInvokeActionMethod(IAsyncResult asyncResult)
   ? System.Web.Mvc.Async.AsyncControllerActionInvoker.AsyncInvocationWithFilters.<InvokeActionMethodFilterAsynchronouslyRecursive>b__3d()
   ? System.Web.Mvc.Async.AsyncControllerActionInvoker.AsyncInvocationWithFilters.<>c__DisplayClass46.<InvokeActionMethodFilterAsynchronouslyRecursive>b__3f()
   ? System.Web.Mvc.Async.AsyncControllerActionInvoker.<>c__DisplayClass33.<BeginInvokeActionMethodWithFilters>b__32(IAsyncResult asyncResult)
   ? System.Web.Mvc.Async.AsyncResultWrapper.WrappedAsyncResult`1.CallEndDelegate(IAsyncResult asyncResult)
   ? System.Web.Mvc.Async.AsyncResultWrapper.WrappedAsyncResultBase`1.End()
   ? System.Web.Mvc.Async.AsyncControllerActionInvoker.EndInvokeActionMethodWithFilters(IAsyncResult asyncResult)
   ? System.Web.Mvc.Async.AsyncControllerActionInvoker.<>c__DisplayClass21.<>c__DisplayClass2b.<BeginInvokeAction>b__1c()
   ? System.Web.Mvc.Async.AsyncControllerActionInvoker.<>c__DisplayClass21.<BeginInvokeAction>b__1e(IAsyncResult asyncResult)
   ? System.Web.Mvc.Async.AsyncResultWrapper.WrappedAsyncResult`1.CallEndDelegate(IAsyncResult asyncResult)
   ? System.Web.Mvc.Async.AsyncResultWrapper.WrappedAsyncResultBase`1.End()
   ? System.Web.Mvc.Async.AsyncControllerActionInvoker.EndInvokeAction(IAsyncResult asyncResult)
   ? System.Web.Mvc.Controller.<BeginExecuteCore>b__1d(IAsyncResult asyncResult, ExecuteCoreState innerState)
   ? System.Web.Mvc.Async.AsyncResultWrapper.WrappedAsyncVoid`1.CallEndDelegate(IAsyncResult asyncResult)
   ? System.Web.Mvc.Async.AsyncResultWrapper.WrappedAsyncResultBase`1.End()
   ? System.Web.Mvc.Controller.EndExecuteCore(IAsyncResult asyncResult)
   ? System.Web.Mvc.Controller.<BeginExecute>b__15(IAsyncResult asyncResult, Controller controller)
   ? System.Web.Mvc.Async.AsyncResultWrapper.WrappedAsyncVoid`1.CallEndDelegate(IAsyncResult asyncResult)
   ? System.Web.Mvc.Async.AsyncResultWrapper.WrappedAsyncResultBase`1.End()
   ? System.Web.Mvc.Controller.EndExecute(IAsyncResult asyncResult)
   ? System.Web.Mvc.Controller.System.Web.Mvc.Async.IAsyncController.EndExecute(IAsyncResult asyncResult)
   ? System.Web.Mvc.MvcHandler.<BeginProcessRequest>b__5(IAsyncResult asyncResult, ProcessRequestState innerState)
   ? System.Web.Mvc.Async.AsyncResultWrapper.WrappedAsyncVoid`1.CallEndDelegate(IAsyncResult asyncResult)
   ? System.Web.Mvc.Async.AsyncResultWrapper.WrappedAsyncResultBase`1.End()
   ? System.Web.Mvc.MvcHandler.EndProcessRequest(IAsyncResult asyncResult)
   ? System.Web.Mvc.MvcHandler.System.Web.IHttpAsyncHandler.EndProcessRequest(IAsyncResult result)
   ? System.Web.HttpApplication.CallHandlerExecutionStep.System.Web.HttpApplication.IExecutionStep.Execute()
   ? System.Web.HttpApplication.ExecuteStepImpl(IExecutionStep step)
   ? System.Web.HttpApplication.ExecuteStep(IExecutionStep step, Boolean& completedSynchronously)
2019-06-15 12:28:53.6198 | ERROR | internal_error_logger | System.ArgumentOutOfRangeException: ???????????? ????????? ???????? ?????? ?????????? ? ????????? ?? DateTime.MinValue.Ticks ?? DateTime.MaxValue.Ticks.
??? ?????????: ticks
   ? System.DateTime..ctor(Int64 ticks)
   ? Slug.Helpers.UsersHandler.GetFullUserInfo(String session_id) ? D:\SLUG\Sluuug\Sluuug\Helpers\Handlers\UsersHandler.cs:?????? 130
   ? Slug.Controllers.PrivateController.<my>d__1.MoveNext() ? D:\SLUG\Sluuug\Sluuug\Controllers\PrivateController.cs:?????? 37
--- ????? ??????????? ????? ?? ??????????? ????????????, ??? ???????? ?????????? ---
   ? System.Runtime.CompilerServices.TaskAwaiter.ThrowForNonSuccess(Task task)
   ? System.Runtime.CompilerServices.TaskAwaiter.HandleNonSuccessAndDebuggerNotification(Task task)
   ? System.Web.Mvc.Async.TaskAsyncActionDescriptor.EndExecute(IAsyncResult asyncResult)
   ? System.Web.Mvc.Async.AsyncControllerActionInvoker.<>c__DisplayClass37.<BeginInvokeAsynchronousActionMethod>b__36(IAsyncResult asyncResult)
   ? System.Web.Mvc.Async.AsyncResultWrapper.WrappedAsyncResult`1.CallEndDelegate(IAsyncResult asyncResult)
   ? System.Web.Mvc.Async.AsyncResultWrapper.WrappedAsyncResultBase`1.End()
   ? System.Web.Mvc.Async.AsyncControllerActionInvoker.EndInvokeActionMethod(IAsyncResult asyncResult)
   ? System.Web.Mvc.Async.AsyncControllerActionInvoker.AsyncInvocationWithFilters.<InvokeActionMethodFilterAsynchronouslyRecursive>b__3d()
   ? System.Web.Mvc.Async.AsyncControllerActionInvoker.AsyncInvocationWithFilters.<>c__DisplayClass46.<InvokeActionMethodFilterAsynchronouslyRecursive>b__3f()
   ? System.Web.Mvc.Async.AsyncControllerActionInvoker.<>c__DisplayClass33.<BeginInvokeActionMethodWithFilters>b__32(IAsyncResult asyncResult)
   ? System.Web.Mvc.Async.AsyncResultWrapper.WrappedAsyncResult`1.CallEndDelegate(IAsyncResult asyncResult)
   ? System.Web.Mvc.Async.AsyncResultWrapper.WrappedAsyncResultBase`1.End()
   ? System.Web.Mvc.Async.AsyncControllerActionInvoker.EndInvokeActionMethodWithFilters(IAsyncResult asyncResult)
   ? System.Web.Mvc.Async.AsyncControllerActionInvoker.<>c__DisplayClass21.<>c__DisplayClass2b.<BeginInvokeAction>b__1c()
   ? System.Web.Mvc.Async.AsyncControllerActionInvoker.<>c__DisplayClass21.<BeginInvokeAction>b__1e(IAsyncResult asyncResult)
   ? System.Web.Mvc.Async.AsyncResultWrapper.WrappedAsyncResult`1.CallEndDelegate(IAsyncResult asyncResult)
   ? System.Web.Mvc.Async.AsyncResultWrapper.WrappedAsyncResultBase`1.End()
   ? System.Web.Mvc.Async.AsyncControllerActionInvoker.EndInvokeAction(IAsyncResult asyncResult)
   ? System.Web.Mvc.Controller.<BeginExecuteCore>b__1d(IAsyncResult asyncResult, ExecuteCoreState innerState)
   ? System.Web.Mvc.Async.AsyncResultWrapper.WrappedAsyncVoid`1.CallEndDelegate(IAsyncResult asyncResult)
   ? System.Web.Mvc.Async.AsyncResultWrapper.WrappedAsyncResultBase`1.End()
   ? System.Web.Mvc.Controller.EndExecuteCore(IAsyncResult asyncResult)
   ? System.Web.Mvc.Controller.<BeginExecute>b__15(IAsyncResult asyncResult, Controller controller)
   ? System.Web.Mvc.Async.AsyncResultWrapper.WrappedAsyncVoid`1.CallEndDelegate(IAsyncResult asyncResult)
   ? System.Web.Mvc.Async.AsyncResultWrapper.WrappedAsyncResultBase`1.End()
   ? System.Web.Mvc.Controller.EndExecute(IAsyncResult asyncResult)
   ? System.Web.Mvc.Controller.System.Web.Mvc.Async.IAsyncController.EndExecute(IAsyncResult asyncResult)
   ? System.Web.Mvc.MvcHandler.<BeginProcessRequest>b__5(IAsyncResult asyncResult, ProcessRequestState innerState)
   ? System.Web.Mvc.Async.AsyncResultWrapper.WrappedAsyncVoid`1.CallEndDelegate(IAsyncResult asyncResult)
   ? System.Web.Mvc.Async.AsyncResultWrapper.WrappedAsyncResultBase`1.End()
   ? System.Web.Mvc.MvcHandler.EndProcessRequest(IAsyncResult asyncResult)
   ? System.Web.Mvc.MvcHandler.System.Web.IHttpAsyncHandler.EndProcessRequest(IAsyncResult result)
   ? System.Web.HttpApplication.CallHandlerExecutionStep.System.Web.HttpApplication.IExecutionStep.Execute()
   ? System.Web.HttpApplication.ExecuteStepImpl(IExecutionStep step)
   ? System.Web.HttpApplication.ExecuteStep(IExecutionStep step, Boolean& completedSynchronously)
2019-06-15 12:28:57.8890 | ERROR | internal_error_logger | System.Web.HttpException (0x80004005): A public action method 'login' was not found on controller 'Slug.Controllers.guestController'.
   ? System.Web.Mvc.Controller.HandleUnknownAction(String actionName)
   ? System.Web.Mvc.Controller.<BeginExecuteCore>b__1d(IAsyncResult asyncResult, ExecuteCoreState innerState)
   ? System.Web.Mvc.Async.AsyncResultWrapper.WrappedAsyncVoid`1.CallEndDelegate(IAsyncResult asyncResult)
   ? System.Web.Mvc.Async.AsyncResultWrapper.WrappedAsyncResultBase`1.End()
   ? System.Web.Mvc.Controller.EndExecuteCore(IAsyncResult asyncResult)
   ? System.Web.Mvc.Controller.<BeginExecute>b__15(IAsyncResult asyncResult, Controller controller)
   ? System.Web.Mvc.Async.AsyncResultWrapper.WrappedAsyncVoid`1.CallEndDelegate(IAsyncResult asyncResult)
   ? System.Web.Mvc.Async.AsyncResultWrapper.WrappedAsyncResultBase`1.End()
   ? System.Web.Mvc.Controller.EndExecute(IAsyncResult asyncResult)
   ? System.Web.Mvc.Controller.System.Web.Mvc.Async.IAsyncController.EndExecute(IAsyncResult asyncResult)
   ? System.Web.Mvc.MvcHandler.<BeginProcessRequest>b__5(IAsyncResult asyncResult, ProcessRequestState innerState)
   ? System.Web.Mvc.Async.AsyncResultWrapper.WrappedAsyncVoid`1.CallEndDelegate(IAsyncResult asyncResult)
   ? System.Web.Mvc.Async.AsyncResultWrapper.WrappedAsyncResultBase`1.End()
   ? System.Web.Mvc.MvcHandler.EndProcessRequest(IAsyncResult asyncResult)
   ? System.Web.Mvc.MvcHandler.System.Web.IHttpAsyncHandler.EndProcessRequest(IAsyncResult result)
   ? System.Web.HttpApplication.CallHandlerExecutionStep.System.Web.HttpApplication.IExecutionStep.Execute()
   ? System.Web.HttpApplication.ExecuteStepImpl(IExecutionStep step)
   ? System.Web.HttpApplication.ExecuteStep(IExecutionStep step, Boolean& completedSynchronously)
2019-06-15 12:29:11.0793 | ERROR | internal_error_logger | System.ArgumentOutOfRangeException: ???????????? ????????? ???????? ?????? ?????????? ? ????????? ?? DateTime.MinValue.Ticks ?? DateTime.MaxValue.Ticks.
??? ?????????: ticks
   ? System.DateTime..ctor(Int64 ticks)
   ? Slug.Helpers.UsersHandler.GetFullUserInfo(String session_id) ? D:\SLUG\Sluuug\Sluuug\Helpers\Handlers\UsersHandler.cs:?????? 130
   ? Slug.Controllers.PrivateController.<my>d__1.MoveNext() ? D:\SLUG\Sluuug\Sluuug\Controllers\PrivateController.cs:?????? 37
--- ????? ??????????? ????? ?? ??????????? ????????????, ??? ???????? ?????????? ---
   ? System.Runtime.CompilerServices.TaskAwaiter.ThrowForNonSuccess(Task task)
   ? System.Runtime.CompilerServices.TaskAwaiter.HandleNonSuccessAndDebuggerNotification(Task task)
   ? System.Web.Mvc.Async.TaskAsyncActionDescriptor.EndExecute(IAsyncResult asyncResult)
   ? System.Web.Mvc.Async.AsyncControllerActionInvoker.<>c__DisplayClass37.<BeginInvokeAsynchronousActionMethod>b__36(IAsyncResult asyncResult)
   ? System.Web.Mvc.Async.AsyncResultWrapper.WrappedAsyncResult`1.CallEndDelegate(IAsyncResult asyncResult)
   ? System.Web.Mvc.Async.AsyncResultWrapper.WrappedAsyncResultBase`1.End()
   ? System.Web.Mvc.Async.AsyncControllerActionInvoker.EndInvokeActionMethod(IAsyncResult asyncResult)
   ? System.Web.Mvc.Async.AsyncControllerActionInvoker.AsyncInvocationWithFilters.<InvokeActionMethodFilterAsynchronouslyRecursive>b__3d()
   ? System.Web.Mvc.Async.AsyncControllerActionInvoker.AsyncInvocationWithFilters.<>c__DisplayClass46.<InvokeActionMethodFilterAsynchronouslyRecursive>b__3f()
   ? System.Web.Mvc.Async.AsyncControllerActionInvoker.<>c__DisplayClass33.<BeginInvokeActionMethodWithFilters>b__32(IAsyncResult asyncResult)
   ? System.Web.Mvc.Async.AsyncResultWrapper.WrappedAsyncResult`1.CallEndDelegate(IAsyncResult asyncResult)
   ? System.Web.Mvc.Async.AsyncResultWrapper.WrappedAsyncResultBase`1.End()
   ? System.Web.Mvc.Async.AsyncControllerActionInvoker.EndInvokeActionMethodWithFilters(IAsyncResult asyncResult)
   ? System.Web.Mvc.Async.AsyncControllerActionInvoker.<>c__DisplayClass21.<>c__DisplayClass2b.<BeginInvokeAction>b__1c()
   ? System.Web.Mvc.Async.AsyncControllerActionInvoker.<>c__DisplayClass21.<BeginInvokeAction>b__1e(IAsyncResult asyncResult)
   ? System.Web.Mvc.Async.AsyncResultWrapper.WrappedAsyncResult`1.CallEndDelegate(IAsyncResult asyncResult)
   ? System.Web.Mvc.Async.AsyncResultWrapper.WrappedAsyncResultBase`1.End()
   ? System.Web.Mvc.Async.AsyncControllerActionInvoker.EndInvokeAction(IAsyncResult asyncResult)
   ? System.Web.Mvc.Controller.<BeginExecuteCore>b__1d(IAsyncResult asyncResult, ExecuteCoreState innerState)
   ? System.Web.Mvc.Async.AsyncResultWrapper.WrappedAsyncVoid`1.CallEndDelegate(IAsyncResult asyncResult)
   ? System.Web.Mvc.Async.AsyncResultWrapper.WrappedAsyncResultBase`1.End()
   ? System.Web.Mvc.Controller.EndExecuteCore(IAsyncResult asyncResult)
   ? System.Web.Mvc.Controller.<BeginExecute>b__15(IAsyncResult asyncResult, Controller controller)
   ? System.Web.Mvc.Async.AsyncResultWrapper.WrappedAsyncVoid`1.CallEndDelegate(IAsyncResult asyncResult)
   ? System.Web.Mvc.Async.AsyncResultWrapper.WrappedAsyncResultBase`1.End()
   ? System.Web.Mvc.Controller.EndExecute(IAsyncResult asyncResult)
   ? System.Web.Mvc.Controller.System.Web.Mvc.Async.IAsyncController.EndExecute(IAsyncResult asyncResult)
   ? System.Web.Mvc.MvcHandler.<BeginProcessRequest>b__5(IAsyncResult asyncResult, ProcessRequestState innerState)
   ? System.Web.Mvc.Async.AsyncResultWrapper.WrappedAsyncVoid`1.CallEndDelegate(IAsyncResult asyncResult)
   ? System.Web.Mvc.Async.AsyncResultWrapper.WrappedAsyncResultBase`1.End()
   ? System.Web.Mvc.MvcHandler.EndProcessRequest(IAsyncResult asyncResult)
   ? System.Web.Mvc.MvcHandler.System.Web.IHttpAsyncHandler.EndProcessRequest(IAsyncResult result)
   ? System.Web.HttpApplication.CallHandlerExecutionStep.System.Web.HttpApplication.IExecutionStep.Execute()
   ? System.Web.HttpApplication.ExecuteStepImpl(IExecutionStep step)
   ? System.Web.HttpApplication.ExecuteStep(IExecutionStep step, Boolean& completedSynchronously)
2019-06-15 12:29:24.0694 | ERROR | internal_error_logger | System.ArgumentOutOfRangeException: ???????????? ????????? ???????? ?????? ?????????? ? ????????? ?? DateTime.MinValue.Ticks ?? DateTime.MaxValue.Ticks.
??? ?????????: ticks
   ? System.DateTime..ctor(Int64 ticks)
   ? Slug.Helpers.UsersHandler.GetFullUserInfo(String session_id) ? D:\SLUG\Sluuug\Sluuug\Helpers\Handlers\UsersHandler.cs:?????? 130
   ? Slug.Controllers.PrivateController.<my>d__1.MoveNext() ? D:\SLUG\Sluuug\Sluuug\Controllers\PrivateController.cs:?????? 37
--- ????? ??????????? ????? ?? ??????????? ????????????, ??? ???????? ?????????? ---
   ? System.Runtime.CompilerServices.TaskAwaiter.ThrowForNonSuccess(Task task)
   ? System.Runtime.CompilerServices.TaskAwaiter.HandleNonSuccessAndDebuggerNotification(Task task)
   ? System.Web.Mvc.Async.TaskAsyncActionDescriptor.EndExecute(IAsyncResult asyncResult)
   ? System.Web.Mvc.Async.AsyncControllerActionInvoker.<>c__DisplayClass37.<BeginInvokeAsynchronousActionMethod>b__36(IAsyncResult asyncResult)
   ? System.Web.Mvc.Async.AsyncResultWrapper.WrappedAsyncResult`1.CallEndDelegate(IAsyncResult asyncResult)
   ? System.Web.Mvc.Async.AsyncResultWrapper.WrappedAsyncResultBase`1.End()
   ? System.Web.Mvc.Async.AsyncControllerActionInvoker.EndInvokeActionMethod(IAsyncResult asyncResult)
   ? System.Web.Mvc.Async.AsyncControllerActionInvoker.AsyncInvocationWithFilters.<InvokeActionMethodFilterAsynchronouslyRecursive>b__3d()
   ? System.Web.Mvc.Async.AsyncControllerActionInvoker.AsyncInvocationWithFilters.<>c__DisplayClass46.<InvokeActionMethodFilterAsynchronouslyRecursive>b__3f()
   ? System.Web.Mvc.Async.AsyncControllerActionInvoker.<>c__DisplayClass33.<BeginInvokeActionMethodWithFilters>b__32(IAsyncResult asyncResult)
   ? System.Web.Mvc.Async.AsyncResultWrapper.WrappedAsyncResult`1.CallEndDelegate(IAsyncResult asyncResult)
   ? System.Web.Mvc.Async.AsyncResultWrapper.WrappedAsyncResultBase`1.End()
   ? System.Web.Mvc.Async.AsyncControllerActionInvoker.EndInvokeActionMethodWithFilters(IAsyncResult asyncResult)
   ? System.Web.Mvc.Async.AsyncControllerActionInvoker.<>c__DisplayClass21.<>c__DisplayClass2b.<BeginInvokeAction>b__1c()
   ? System.Web.Mvc.Async.AsyncControllerActionInvoker.<>c__DisplayClass21.<BeginInvokeAction>b__1e(IAsyncResult asyncResult)
   ? System.Web.Mvc.Async.AsyncResultWrapper.WrappedAsyncResult`1.CallEndDelegate(IAsyncResult asyncResult)
   ? System.Web.Mvc.Async.AsyncResultWrapper.WrappedAsyncResultBase`1.End()
   ? System.Web.Mvc.Async.AsyncControllerActionInvoker.EndInvokeAction(IAsyncResult asyncResult)
   ? System.Web.Mvc.Controller.<BeginExecuteCore>b__1d(IAsyncResult asyncResult, ExecuteCoreState innerState)
   ? System.Web.Mvc.Async.AsyncResultWrapper.WrappedAsyncVoid`1.CallEndDelegate(IAsyncResult asyncResult)
   ? System.Web.Mvc.Async.AsyncResultWrapper.WrappedAsyncResultBase`1.End()
   ? System.Web.Mvc.Controller.EndExecuteCore(IAsyncResult asyncResult)
   ? System.Web.Mvc.Controller.<BeginExecute>b__15(IAsyncResult asyncResult, Controller controller)
   ? System.Web.Mvc.Async.AsyncResultWrapper.WrappedAsyncVoid`1.CallEndDelegate(IAsyncResult asyncResult)
   ? System.Web.Mvc.Async.AsyncResultWrapper.WrappedAsyncResultBase`1.End()
   ? System.Web.Mvc.Controller.EndExecute(IAsyncResult asyncResult)
   ? System.Web.Mvc.Controller.System.Web.Mvc.Async.IAsyncController.EndExecute(IAsyncResult asyncResult)
   ? System.Web.Mvc.MvcHandler.<BeginProcessRequest>b__5(IAsyncResult asyncResult, ProcessRequestState innerState)
   ? System.Web.Mvc.Async.AsyncResultWrapper.WrappedAsyncVoid`1.CallEndDelegate(IAsyncResult asyncResult)
   ? System.Web.Mvc.Async.AsyncResultWrapper.WrappedAsyncResultBase`1.End()
   ? System.Web.Mvc.MvcHandler.EndProcessRequest(IAsyncResult asyncResult)
   ? System.Web.Mvc.MvcHandler.System.Web.IHttpAsyncHandler.EndProcessRequest(IAsyncResult result)
   ? System.Web.HttpApplication.CallHandlerExecutionStep.System.Web.HttpApplication.IExecutionStep.Execute()
   ? System.Web.HttpApplication.ExecuteStepImpl(IExecutionStep step)
   ? System.Web.HttpApplication.ExecuteStep(IExecutionStep step, Boolean& completedSynchronously)
2019-06-15 12:31:24.4505 | ERROR | internal_error_logger | System.ArgumentOutOfRangeException: ???????????? ????????? ???????? ?????? ?????????? ? ????????? ?? DateTime.MinValue.Ticks ?? DateTime.MaxValue.Ticks.
??? ?????????: ticks
   ? System.DateTime..ctor(Int64 ticks)
   ? Slug.Helpers.UsersHandler.GetFullUserInfo(String session_id) ? D:\SLUG\Sluuug\Sluuug\Helpers\Handlers\UsersHandler.cs:?????? 130
   ? Slug.Controllers.PrivateController.<my>d__1.MoveNext() ? D:\SLUG\Sluuug\Sluuug\Controllers\PrivateController.cs:?????? 37
--- ????? ??????????? ????? ?? ??????????? ????????????, ??? ???????? ?????????? ---
   ? System.Runtime.CompilerServices.TaskAwaiter.ThrowForNonSuccess(Task task)
   ? System.Runtime.CompilerServices.TaskAwaiter.HandleNonSuccessAndDebuggerNotification(Task task)
   ? System.Web.Mvc.Async.TaskAsyncActionDescriptor.EndExecute(IAsyncResult asyncResult)
   ? System.Web.Mvc.Async.AsyncControllerActionInvoker.<>c__DisplayClass37.<BeginInvokeAsynchronousActionMethod>b__36(IAsyncResult asyncResult)
   ? System.Web.Mvc.Async.AsyncResultWrapper.WrappedAsyncResult`1.CallEndDelegate(IAsyncResult asyncResult)
   ? System.Web.Mvc.Async.AsyncResultWrapper.WrappedAsyncResultBase`1.End()
   ? System.Web.Mvc.Async.AsyncControllerActionInvoker.EndInvokeActionMethod(IAsyncResult asyncResult)
   ? System.Web.Mvc.Async.AsyncControllerActionInvoker.AsyncInvocationWithFilters.<InvokeActionMethodFilterAsynchronouslyRecursive>b__3d()
   ? System.Web.Mvc.Async.AsyncControllerActionInvoker.AsyncInvocationWithFilters.<>c__DisplayClass46.<InvokeActionMethodFilterAsynchronouslyRecursive>b__3f()
   ? System.Web.Mvc.Async.AsyncControllerActionInvoker.<>c__DisplayClass33.<BeginInvokeActionMethodWithFilters>b__32(IAsyncResult asyncResult)
   ? System.Web.Mvc.Async.AsyncResultWrapper.WrappedAsyncResult`1.CallEndDelegate(IAsyncResult asyncResult)
   ? System.Web.Mvc.Async.AsyncResultWrapper.WrappedAsyncResultBase`1.End()
   ? System.Web.Mvc.Async.AsyncControllerActionInvoker.EndInvokeActionMethodWithFilters(IAsyncResult asyncResult)
   ? System.Web.Mvc.Async.AsyncControllerActionInvoker.<>c__DisplayClass21.<>c__DisplayClass2b.<BeginInvokeAction>b__1c()
   ? System.Web.Mvc.Async.AsyncControllerActionInvoker.<>c__DisplayClass21.<BeginInvokeAction>b__1e(IAsyncResult asyncResult)
   ? System.Web.Mvc.Async.AsyncResultWrapper.WrappedAsyncResult`1.CallEndDelegate(IAsyncResult asyncResult)
   ? System.Web.Mvc.Async.AsyncResultWrapper.WrappedAsyncResultBase`1.End()
   ? System.Web.Mvc.Async.AsyncControllerActionInvoker.EndInvokeAction(IAsyncResult asyncResult)
   ? System.Web.Mvc.Controller.<BeginExecuteCore>b__1d(IAsyncResult asyncResult, ExecuteCoreState innerState)
   ? System.Web.Mvc.Async.AsyncResultWrapper.WrappedAsyncVoid`1.CallEndDelegate(IAsyncResult asyncResult)
   ? System.Web.Mvc.Async.AsyncResultWrapper.WrappedAsyncResultBase`1.End()
   ? System.Web.Mvc.Controller.EndExecuteCore(IAsyncResult asyncResult)
   ? System.Web.Mvc.Controller.<BeginExecute>b__15(IAsyncResult asyncResult, Controller controller)
   ? System.Web.Mvc.Async.AsyncResultWrapper.WrappedAsyncVoid`1.CallEndDelegate(IAsyncResult asyncResult)
   ? System.Web.Mvc.Async.AsyncResultWrapper.WrappedAsyncResultBase`1.End()
   ? System.Web.Mvc.Controller.EndExecute(IAsyncResult asyncResult)
   ? System.Web.Mvc.Controller.System.Web.Mvc.Async.IAsyncController.EndExecute(IAsyncResult asyncResult)
   ? System.Web.Mvc.MvcHandler.<BeginProcessRequest>b__5(IAsyncResult asyncResult, ProcessRequestState innerState)
   ? System.Web.Mvc.Async.AsyncResultWrapper.WrappedAsyncVoid`1.CallEndDelegate(IAsyncResult asyncResult)
   ? System.Web.Mvc.Async.AsyncResultWrapper.WrappedAsyncResultBase`1.End()
   ? System.Web.Mvc.MvcHandler.EndProcessRequest(IAsyncResult asyncResult)
   ? System.Web.Mvc.MvcHandler.System.Web.IHttpAsyncHandler.EndProcessRequest(IAsyncResult result)
   ? System.Web.HttpApplication.CallHandlerExecutionStep.System.Web.HttpApplication.IExecutionStep.Execute()
   ? System.Web.HttpApplication.ExecuteStepImpl(IExecutionStep step)
   ? System.Web.HttpApplication.ExecuteStep(IExecutionStep step, Boolean& completedSynchronously)
2019-06-15 12:32:46.9635 | ERROR | internal_error_logger | System.ArgumentOutOfRangeException: ???????????? ????????? ???????? ?????? ?????????? ? ????????? ?? DateTime.MinValue.Ticks ?? DateTime.MaxValue.Ticks.
??? ?????????: ticks
   ? System.DateTime..ctor(Int64 ticks)
   ? Slug.Helpers.UsersHandler.GetFullUserInfo(String session_id) ? D:\SLUG\Sluuug\Sluuug\Helpers\Handlers\UsersHandler.cs:?????? 130
   ? Slug.Controllers.PrivateController.<my>d__1.MoveNext() ? D:\SLUG\Sluuug\Sluuug\Controllers\PrivateController.cs:?????? 37
--- ????? ??????????? ????? ?? ??????????? ????????????, ??? ???????? ?????????? ---
   ? System.Runtime.CompilerServices.TaskAwaiter.ThrowForNonSuccess(Task task)
   ? System.Runtime.CompilerServices.TaskAwaiter.HandleNonSuccessAndDebuggerNotification(Task task)
   ? System.Web.Mvc.Async.TaskAsyncActionDescriptor.EndExecute(IAsyncResult asyncResult)
   ? System.Web.Mvc.Async.AsyncControllerActionInvoker.<>c__DisplayClass37.<BeginInvokeAsynchronousActionMethod>b__36(IAsyncResult asyncResult)
   ? System.Web.Mvc.Async.AsyncResultWrapper.WrappedAsyncResult`1.CallEndDelegate(IAsyncResult asyncResult)
   ? System.Web.Mvc.Async.AsyncResultWrapper.WrappedAsyncResultBase`1.End()
   ? System.Web.Mvc.Async.AsyncControllerActionInvoker.EndInvokeActionMethod(IAsyncResult asyncResult)
   ? System.Web.Mvc.Async.AsyncControllerActionInvoker.AsyncInvocationWithFilters.<InvokeActionMethodFilterAsynchronouslyRecursive>b__3d()
   ? System.Web.Mvc.Async.AsyncControllerActionInvoker.AsyncInvocationWithFilters.<>c__DisplayClass46.<InvokeActionMethodFilterAsynchronouslyRecursive>b__3f()
   ? System.Web.Mvc.Async.AsyncControllerActionInvoker.<>c__DisplayClass33.<BeginInvokeActionMethodWithFilters>b__32(IAsyncResult asyncResult)
   ? System.Web.Mvc.Async.AsyncResultWrapper.WrappedAsyncResult`1.CallEndDelegate(IAsyncResult asyncResult)
   ? System.Web.Mvc.Async.AsyncResultWrapper.WrappedAsyncResultBase`1.End()
   ? System.Web.Mvc.Async.AsyncControllerActionInvoker.EndInvokeActionMethodWithFilters(IAsyncResult asyncResult)
   ? System.Web.Mvc.Async.AsyncControllerActionInvoker.<>c__DisplayClass21.<>c__DisplayClass2b.<BeginInvokeAction>b__1c()
   ? System.Web.Mvc.Async.AsyncControllerActionInvoker.<>c__DisplayClass21.<BeginInvokeAction>b__1e(IAsyncResult asyncResult)
   ? System.Web.Mvc.Async.AsyncResultWrapper.WrappedAsyncResult`1.CallEndDelegate(IAsyncResult asyncResult)
   ? System.Web.Mvc.Async.AsyncResultWrapper.WrappedAsyncResultBase`1.End()
   ? System.Web.Mvc.Async.AsyncControllerActionInvoker.EndInvokeAction(IAsyncResult asyncResult)
   ? System.Web.Mvc.Controller.<BeginExecuteCore>b__1d(IAsyncResult asyncResult, ExecuteCoreState innerState)
   ? System.Web.Mvc.Async.AsyncResultWrapper.WrappedAsyncVoid`1.CallEndDelegate(IAsyncResult asyncResult)
   ? System.Web.Mvc.Async.AsyncResultWrapper.WrappedAsyncResultBase`1.End()
   ? System.Web.Mvc.Controller.EndExecuteCore(IAsyncResult asyncResult)
   ? System.Web.Mvc.Controller.<BeginExecute>b__15(IAsyncResult asyncResult, Controller controller)
   ? System.Web.Mvc.Async.AsyncResultWrapper.WrappedAsyncVoid`1.CallEndDelegate(IAsyncResult asyncResult)
   ? System.Web.Mvc.Async.AsyncResultWrapper.WrappedAsyncResultBase`1.End()
   ? System.Web.Mvc.Controller.EndExecute(IAsyncResult asyncResult)
   ? System.Web.Mvc.Controller.System.Web.Mvc.Async.IAsyncController.EndExecute(IAsyncResult asyncResult)
   ? System.Web.Mvc.MvcHandler.<BeginProcessRequest>b__5(IAsyncResult asyncResult, ProcessRequestState innerState)
   ? System.Web.Mvc.Async.AsyncResultWrapper.WrappedAsyncVoid`1.CallEndDelegate(IAsyncResult asyncResult)
   ? System.Web.Mvc.Async.AsyncResultWrapper.WrappedAsyncResultBase`1.End()
   ? System.Web.Mvc.MvcHandler.EndProcessRequest(IAsyncResult asyncResult)
   ? System.Web.Mvc.MvcHandler.System.Web.IHttpAsyncHandler.EndProcessRequest(IAsyncResult result)
   ? System.Web.HttpApplication.CallHandlerExecutionStep.System.Web.HttpApplication.IExecutionStep.Execute()
   ? System.Web.HttpApplication.ExecuteStepImpl(IExecutionStep step)
   ? System.Web.HttpApplication.ExecuteStep(IExecutionStep step, Boolean& completedSynchronously)
2019-06-15 13:13:00.3839 | ERROR | internal_error_logger | System.Exception: UserHandler can not register user with invalid datetime.
   ? Slug.Helpers.UsersHandler.RegisterNew(RegisteringUserModel user) ? D:\SLUG\Sluuug\Sluuug\Helpers\Handlers\UsersHandler.cs:?????? 39
   ? Slug.Controllers.guestController.userconfirmation(RegisteringUserModel user) ? D:\SLUG\Sluuug\Sluuug\Controllers\GuestController.cs:?????? 74
   ? lambda_method(Closure , ControllerBase , Object[] )
   ? System.Web.Mvc.ActionMethodDispatcher.Execute(ControllerBase controller, Object[] parameters)
   ? System.Web.Mvc.ReflectedActionDescriptor.Execute(ControllerContext controllerContext, IDictionary`2 parameters)
   ? System.Web.Mvc.ControllerActionInvoker.InvokeActionMethod(ControllerContext controllerContext, ActionDescriptor actionDescriptor, IDictionary`2 parameters)
   ? System.Web.Mvc.Async.AsyncControllerActionInvoker.<BeginInvokeSynchronousActionMethod>b__39(IAsyncResult asyncResult, ActionInvocation innerInvokeState)
   ? System.Web.Mvc.Async.AsyncResultWrapper.WrappedAsyncResult`2.CallEndDelegate(IAsyncResult asyncResult)
   ? System.Web.Mvc.Async.AsyncResultWrapper.WrappedAsyncResultBase`1.End()
   ? System.Web.Mvc.Async.AsyncControllerActionInvoker.EndInvokeActionMethod(IAsyncResult asyncResult)
   ? System.Web.Mvc.Async.AsyncControllerActionInvoker.AsyncInvocationWithFilters.<InvokeActionMethodFilterAsynchronouslyRecursive>b__3d()
   ? System.Web.Mvc.Async.AsyncControllerActionInvoker.AsyncInvocationWithFilters.<>c__DisplayClass46.<InvokeActionMethodFilterAsynchronouslyRecursive>b__3f()
   ? System.Web.Mvc.Async.AsyncControllerActionInvoker.<>c__DisplayClass33.<BeginInvokeActionMethodWithFilters>b__32(IAsyncResult asyncResult)
   ? System.Web.Mvc.Async.AsyncResultWrapper.WrappedAsyncResult`1.CallEndDelegate(IAsyncResult asyncResult)
   ? System.Web.Mvc.Async.AsyncResultWrapper.WrappedAsyncResultBase`1.End()
   ? System.Web.Mvc.Async.AsyncControllerActionInvoker.EndInvokeActionMethodWithFilters(IAsyncResult asyncResult)
   ? System.Web.Mvc.Async.AsyncControllerActionInvoker.<>c__DisplayClass21.<>c__DisplayClass2b.<BeginInvokeAction>b__1c()
   ? System.Web.Mvc.Async.AsyncControllerActionInvoker.<>c__DisplayClass21.<BeginInvokeAction>b__1e(IAsyncResult asyncResult)
   ? System.Web.Mvc.Async.AsyncResultWrapper.WrappedAsyncResult`1.CallEndDelegate(IAsyncResult asyncResult)
   ? System.Web.Mvc.Async.AsyncResultWrapper.WrappedAsyncResultBase`1.End()
   ? System.Web.Mvc.Async.AsyncControllerActionInvoker.EndInvokeAction(IAsyncResult asyncResult)
   ? System.Web.Mvc.Controller.<BeginExecuteCore>b__1d(IAsyncResult asyncResult, ExecuteCoreState innerState)
   ? System.Web.Mvc.Async.AsyncResultWrapper.WrappedAsyncVoid`1.CallEndDelegate(IAsyncResult asyncResult)
   ? System.Web.Mvc.Async.AsyncResultWrapper.WrappedAsyncResultBase`1.End()
   ? System.Web.Mvc.Controller.EndExecuteCore(IAsyncResult asyncResult)
   ? System.Web.Mvc.Controller.<BeginExecute>b__15(IAsyncResult asyncResult, Controller controller)
   ? System.Web.Mvc.Async.AsyncResultWrapper.WrappedAsyncVoid`1.CallEndDelegate(IAsyncResult asyncResult)
   ? System.Web.Mvc.Async.AsyncResultWrapper.WrappedAsyncResultBase`1.End()
   ? System.Web.Mvc.Controller.EndExecute(IAsyncResult asyncResult)
   ? System.Web.Mvc.Controller.System.Web.Mvc.Async.IAsyncController.EndExecute(IAsyncResult asyncResult)
   ? System.Web.Mvc.MvcHandler.<BeginProcessRequest>b__5(IAsyncResult asyncResult, ProcessRequestState innerState)
   ? System.Web.Mvc.Async.AsyncResultWrapper.WrappedAsyncVoid`1.CallEndDelegate(IAsyncResult asyncResult)
   ? System.Web.Mvc.Async.AsyncResultWrapper.WrappedAsyncResultBase`1.End()
   ? System.Web.Mvc.MvcHandler.EndProcessRequest(IAsyncResult asyncResult)
   ? System.Web.Mvc.MvcHandler.System.Web.IHttpAsyncHandler.EndProcessRequest(IAsyncResult result)
   ? System.Web.HttpApplication.CallHandlerExecutionStep.System.Web.HttpApplication.IExecutionStep.Execute()
   ? System.Web.HttpApplication.ExecuteStepImpl(IExecutionStep step)
   ? System.Web.HttpApplication.ExecuteStep(IExecutionStep step, Boolean& completedSynchronously)
2019-06-15 13:31:59.6356 | ERROR | internal_error_logger | System.Web.HttpCompileException (0x80004005): D:\SLUG\Sluuug\Sluuug\Views\Guest\Index.cshtml(55): error CS0103: The name 'MinRegistrationDate' does not exist in the current context
   ? System.Web.Compilation.AssemblyBuilder.Compile()
   ? System.Web.Compilation.BuildProvidersCompiler.PerformBuild()
   ? System.Web.Compilation.BuildManager.CompileWebFile(VirtualPath virtualPath)
   ? System.Web.Compilation.BuildManager.GetVPathBuildResultInternal(VirtualPath virtualPath, Boolean noBuild, Boolean allowCrossApp, Boolean allowBuildInPrecompile, Boolean throwIfNotFound, Boolean ensureIsUpToDate)
   ? System.Web.Compilation.BuildManager.GetVPathBuildResultWithNoAssert(HttpContext context, VirtualPath virtualPath, Boolean noBuild, Boolean allowCrossApp, Boolean allowBuildInPrecompile, Boolean throwIfNotFound, Boolean ensureIsUpToDate)
   ? System.Web.Compilation.BuildManager.GetVirtualPathObjectFactory(VirtualPath virtualPath, HttpContext context, Boolean allowCrossApp, Boolean throwIfNotFound)
   ? System.Web.Compilation.BuildManager.GetCompiledType(VirtualPath virtualPath)
   ? System.Web.Compilation.BuildManager.GetCompiledType(String virtualPath)
   ? System.Web.Mvc.BuildManagerWrapper.System.Web.Mvc.IBuildManager.GetCompiledType(String virtualPath)
   ? System.Web.Mvc.BuildManagerCompiledView.Render(ViewContext viewContext, TextWriter writer)
   ? System.Web.Mvc.ViewResultBase.ExecuteResult(ControllerContext context)
   ? System.Web.Mvc.ControllerActionInvoker.InvokeActionResult(ControllerContext controllerContext, ActionResult actionResult)
   ? System.Web.Mvc.ControllerActionInvoker.InvokeActionResultFilterRecursive(IList`1 filters, Int32 filterIndex, ResultExecutingContext preContext, ControllerContext controllerContext, ActionResult actionResult)
   ? System.Web.Mvc.ControllerActionInvoker.InvokeActionResultFilterRecursive(IList`1 filters, Int32 filterIndex, ResultExecutingContext preContext, ControllerContext controllerContext, ActionResult actionResult)
   ? System.Web.Mvc.ControllerActionInvoker.InvokeActionResultWithFilters(ControllerContext controllerContext, IList`1 filters, ActionResult actionResult)
   ? System.Web.Mvc.Async.AsyncControllerActionInvoker.<>c__DisplayClass21.<>c__DisplayClass2b.<BeginInvokeAction>b__1c()
   ? System.Web.Mvc.Async.AsyncControllerActionInvoker.<>c__DisplayClass21.<BeginInvokeAction>b__1e(IAsyncResult asyncResult)
   ? System.Web.Mvc.Async.AsyncResultWrapper.WrappedAsyncResult`1.CallEndDelegate(IAsyncResult asyncResult)
   ? System.Web.Mvc.Async.AsyncResultWrapper.WrappedAsyncResultBase`1.End()
   ? System.Web.Mvc.Async.AsyncControllerActionInvoker.EndInvokeAction(IAsyncResult asyncResult)
   ? System.Web.Mvc.Controller.<BeginExecuteCore>b__1d(IAsyncResult asyncResult, ExecuteCoreState innerState)
   ? System.Web.Mvc.Async.AsyncResultWrapper.WrappedAsyncVoid`1.CallEndDelegate(IAsyncResult asyncResult)
   ? System.Web.Mvc.Async.AsyncResultWrapper.WrappedAsyncResultBase`1.End()
   ? System.Web.Mvc.Controller.EndExecuteCore(IAsyncResult asyncResult)
   ? System.Web.Mvc.Controller.<BeginExecute>b__15(IAsyncResult asyncResult, Controller controller)
   ? System.Web.Mvc.Async.AsyncResultWrapper.WrappedAsyncVoid`1.CallEndDelegate(IAsyncResult asyncResult)
   ? System.Web.Mvc.Async.AsyncResultWrapper.WrappedAsyncResultBase`1.End()
   ? System.Web.Mvc.Controller.EndExecute(IAsyncResult asyncResult)
   ? System.Web.Mvc.Controller.System.Web.Mvc.Async.IAsyncController.EndExecute(IAsyncResult asyncResult)
   ? System.Web.Mvc.MvcHandler.<BeginProcessRequest>b__5(IAsyncResult asyncResult, ProcessRequestState innerState)
   ? System.Web.Mvc.Async.AsyncResultWrapper.WrappedAsyncVoid`1.CallEndDelegate(IAsyncResult asyncResult)
   ? System.Web.Mvc.Async.AsyncResultWrapper.WrappedAsyncResultBase`1.End()
   ? System.Web.Mvc.MvcHandler.EndProcessRequest(IAsyncResult asyncResult)
   ? System.Web.Mvc.MvcHandler.System.Web.IHttpAsyncHandler.EndProcessRequest(IAsyncResult result)
   ? System.Web.HttpApplication.CallHandlerExecutionStep.System.Web.HttpApplication.IExecutionStep.Execute()
   ? System.Web.HttpApplication.ExecuteStepImpl(IExecutionStep step)
   ? System.Web.HttpApplication.ExecuteStep(IExecutionStep step, Boolean& completedSynchronously)
2019-06-15 13:32:16.3598 | ERROR | internal_error_logger | System.Web.HttpCompileException (0x80004005): D:\SLUG\Sluuug\Sluuug\Views\Guest\Index.cshtml(55): error CS0103: The name 'MinRegistrationDate' does not exist in the current context
   ? System.Web.Compilation.AssemblyBuilder.Compile()
   ? System.Web.Compilation.BuildProvidersCompiler.PerformBuild()
   ? System.Web.Compilation.BuildManager.CompileWebFile(VirtualPath virtualPath)
   ? System.Web.Compilation.BuildManager.GetVPathBuildResultInternal(VirtualPath virtualPath, Boolean noBuild, Boolean allowCrossApp, Boolean allowBuildInPrecompile, Boolean throwIfNotFound, Boolean ensureIsUpToDate)
   ? System.Web.Compilation.BuildManager.GetVPathBuildResultWithNoAssert(HttpContext context, VirtualPath virtualPath, Boolean noBuild, Boolean allowCrossApp, Boolean allowBuildInPrecompile, Boolean throwIfNotFound, Boolean ensureIsUpToDate)
   ? System.Web.Compilation.BuildManager.GetVirtualPathObjectFactory(VirtualPath virtualPath, HttpContext context, Boolean allowCrossApp, Boolean throwIfNotFound)
   ? System.Web.Compilation.BuildManager.GetCompiledType(VirtualPath virtualPath)
   ? System.Web.Compilation.BuildManager.GetCompiledType(String virtualPath)
   ? System.Web.Mvc.BuildManagerWrapper.System.Web.Mvc.IBuildManager.GetCompiledType(String virtualPath)
   ? System.Web.Mvc.BuildManagerCompiledView.Render(ViewContext viewContext, TextWriter writer)
   ? System.Web.Mvc.ViewResultBase.ExecuteResult(ControllerContext context)
   ? System.Web.Mvc.ControllerActionInvoker.InvokeActionResult(ControllerContext controllerContext, ActionResult actionResult)
   ? System.Web.Mvc.ControllerActionInvoker.InvokeActionResultFilterRecursive(IList`1 filters, Int32 filterIndex, ResultExecutingContext preContext, ControllerContext controllerContext, ActionResult actionResult)
   ? System.Web.Mvc.ControllerActionInvoker.InvokeActionResultFilterRecursive(IList`1 filters, Int32 filterIndex, ResultExecutingContext preContext, ControllerContext controllerContext, ActionResult actionResult)
   ? System.Web.Mvc.ControllerActionInvoker.InvokeActionResultWithFilters(ControllerContext controllerContext, IList`1 filters, ActionResult actionResult)
   ? System.Web.Mvc.Async.AsyncControllerActionInvoker.<>c__DisplayClass21.<>c__DisplayClass2b.<BeginInvokeAction>b__1c()
   ? System.Web.Mvc.Async.AsyncControllerActionInvoker.<>c__DisplayClass21.<BeginInvokeAction>b__1e(IAsyncResult asyncResult)
   ? System.Web.Mvc.Async.AsyncResultWrapper.WrappedAsyncResult`1.CallEndDelegate(IAsyncResult asyncResult)
   ? System.Web.Mvc.Async.AsyncResultWrapper.WrappedAsyncResultBase`1.End()
   ? System.Web.Mvc.Async.AsyncControllerActionInvoker.EndInvokeAction(IAsyncResult asyncResult)
   ? System.Web.Mvc.Controller.<BeginExecuteCore>b__1d(IAsyncResult asyncResult, ExecuteCoreState innerState)
   ? System.Web.Mvc.Async.AsyncResultWrapper.WrappedAsyncVoid`1.CallEndDelegate(IAsyncResult asyncResult)
   ? System.Web.Mvc.Async.AsyncResultWrapper.WrappedAsyncResultBase`1.End()
   ? System.Web.Mvc.Controller.EndExecuteCore(IAsyncResult asyncResult)
   ? System.Web.Mvc.Controller.<BeginExecute>b__15(IAsyncResult asyncResult, Controller controller)
   ? System.Web.Mvc.Async.AsyncResultWrapper.WrappedAsyncVoid`1.CallEndDelegate(IAsyncResult asyncResult)
   ? System.Web.Mvc.Async.AsyncResultWrapper.WrappedAsyncResultBase`1.End()
   ? System.Web.Mvc.Controller.EndExecute(IAsyncResult asyncResult)
   ? System.Web.Mvc.Controller.System.Web.Mvc.Async.IAsyncController.EndExecute(IAsyncResult asyncResult)
   ? System.Web.Mvc.MvcHandler.<BeginProcessRequest>b__5(IAsyncResult asyncResult, ProcessRequestState innerState)
   ? System.Web.Mvc.Async.AsyncResultWrapper.WrappedAsyncVoid`1.CallEndDelegate(IAsyncResult asyncResult)
   ? System.Web.Mvc.Async.AsyncResultWrapper.WrappedAsyncResultBase`1.End()
   ? System.Web.Mvc.MvcHandler.EndProcessRequest(IAsyncResult asyncResult)
   ? System.Web.Mvc.MvcHandler.System.Web.IHttpAsyncHandler.EndProcessRequest(IAsyncResult result)
   ? System.Web.HttpApplication.CallHandlerExecutionStep.System.Web.HttpApplication.IExecutionStep.Execute()
   ? System.Web.HttpApplication.ExecuteStepImpl(IExecutionStep step)
   ? System.Web.HttpApplication.ExecuteStep(IExecutionStep step, Boolean& completedSynchronously)
2019-06-15 16:27:40.3038 | ERROR | internal_error_logger | Microsoft.CSharp.RuntimeBinder.RuntimeBinderException: Cannot convert null to "bool" because it is a non-nullable value type
   ? CallSite.Target(Closure , CallSite , Object )
   ? System.Dynamic.UpdateDelegates.UpdateAndExecute1[T0,TRet](CallSite site, T0 arg0)
   ? CallSite.Target(Closure , CallSite , Object )
   ? ASP._Page_Views_Shared_guest_cshtml.Execute() ? D:\SLUG\Sluuug\Sluuug\Views\Shared\guest.cshtml:?????? 10
   ? System.Web.WebPages.WebPageBase.ExecutePageHierarchy()
   ? System.Web.Mvc.WebViewPage.ExecutePageHierarchy()
   ? System.Web.WebPages.WebPageBase.ExecutePageHierarchy(WebPageContext pageContext, TextWriter writer, WebPageRenderingBase startPage)
   ? System.Web.WebPages.WebPageBase.<>c__DisplayClass3.<RenderPageCore>b__2(TextWriter writer)
   ? System.Web.WebPages.HelperResult.WriteTo(TextWriter writer)
   ? System.Web.WebPages.WebPageBase.Write(HelperResult result)
   ? System.Web.WebPages.WebPageBase.RenderSurrounding(String partialViewName, Action`1 body)
   ? System.Web.WebPages.WebPageBase.PopContext()
   ? System.Web.WebPages.WebPageBase.ExecutePageHierarchy(WebPageContext pageContext, TextWriter writer, WebPageRenderingBase startPage)
   ? System.Web.Mvc.RazorView.RenderView(ViewContext viewContext, TextWriter writer, Object instance)
   ? System.Web.Mvc.BuildManagerCompiledView.Render(ViewContext viewContext, TextWriter writer)
   ? System.Web.Mvc.ViewResultBase.ExecuteResult(ControllerContext context)
   ? System.Web.Mvc.ControllerActionInvoker.InvokeActionResult(ControllerContext controllerContext, ActionResult actionResult)
   ? System.Web.Mvc.ControllerActionInvoker.InvokeActionResultFilterRecursive(IList`1 filters, Int32 filterIndex, ResultExecutingContext preContext, ControllerContext controllerContext, ActionResult actionResult)
   ? System.Web.Mvc.ControllerActionInvoker.InvokeActionResultFilterRecursive(IList`1 filters, Int32 filterIndex, ResultExecutingContext preContext, ControllerContext controllerContext, ActionResult actionResult)
   ? System.Web.Mvc.ControllerActionInvoker.InvokeActionResultWithFilters(ControllerContext controllerContext, IList`1 filters, ActionResult actionResult)
   ? System.Web.Mvc.Async.AsyncControllerActionInvoker.<>c__DisplayClass21.<>c__DisplayClass2b.<BeginInvokeAction>b__1c()
   ? System.Web.Mvc.Async.AsyncControllerActionInvoker.<>c__DisplayClass21.<BeginInvokeAction>b__1e(IAsyncResult asyncResult)
   ? System.Web.Mvc.Async.AsyncResultWrapper.WrappedAsyncResult`1.CallEndDelegate(IAsyncResult asyncResult)
   ? System.Web.Mvc.Async.AsyncResultWrapper.WrappedAsyncResultBase`1.End()
   ? System.Web.Mvc.Async.AsyncControllerActionInvoker.EndInvokeAction(IAsyncResult asyncResult)
   ? System.Web.Mvc.Controller.<BeginExecuteCore>b__1d(IAsyncResult asyncResult, ExecuteCoreState innerState)
   ? System.Web.Mvc.Async.AsyncResultWrapper.WrappedAsyncVoid`1.CallEndDelegate(IAsyncResult asyncResult)
   ? System.Web.Mvc.Async.AsyncResultWrapper.WrappedAsyncResultBase`1.End()
   ? System.Web.Mvc.Controller.EndExecuteCore(IAsyncResult asyncResult)
   ? System.Web.Mvc.Controller.<BeginExecute>b__15(IAsyncResult asyncResult, Controller controller)
   ? System.Web.Mvc.Async.AsyncResultWrapper.WrappedAsyncVoid`1.CallEndDelegate(IAsyncResult asyncResult)
   ? System.Web.Mvc.Async.AsyncResultWrapper.WrappedAsyncResultBase`1.End()
   ? System.Web.Mvc.Controller.EndExecute(IAsyncResult asyncResult)
   ? System.Web.Mvc.Controller.System.Web.Mvc.Async.IAsyncController.EndExecute(IAsyncResult asyncResult)
   ? System.Web.Mvc.MvcHandler.<BeginProcessRequest>b__5(IAsyncResult asyncResult, ProcessRequestState innerState)
   ? System.Web.Mvc.Async.AsyncResultWrapper.WrappedAsyncVoid`1.CallEndDelegate(IAsyncResult asyncResult)
   ? System.Web.Mvc.Async.AsyncResultWrapper.WrappedAsyncResultBase`1.End()
   ? System.Web.Mvc.MvcHandler.EndProcessRequest(IAsyncResult asyncResult)
   ? System.Web.Mvc.MvcHandler.System.Web.IHttpAsyncHandler.EndProcessRequest(IAsyncResult result)
   ? System.Web.HttpApplication.CallHandlerExecutionStep.System.Web.HttpApplication.IExecutionStep.Execute()
   ? System.Web.HttpApplication.ExecuteStepImpl(IExecutionStep step)
   ? System.Web.HttpApplication.ExecuteStep(IExecutionStep step, Boolean& completedSynchronously)
2019-06-15 20:28:17.2898 | ERROR | internal_error_logger | System.Web.HttpException (0x80004005): A public action method 'public_api' was not found on controller 'Slug.Controllers.guestController'.
   ? System.Web.Mvc.Controller.HandleUnknownAction(String actionName)
   ? System.Web.Mvc.Controller.<BeginExecuteCore>b__1d(IAsyncResult asyncResult, ExecuteCoreState innerState)
   ? System.Web.Mvc.Async.AsyncResultWrapper.WrappedAsyncVoid`1.CallEndDelegate(IAsyncResult asyncResult)
   ? System.Web.Mvc.Async.AsyncResultWrapper.WrappedAsyncResultBase`1.End()
   ? System.Web.Mvc.Controller.EndExecuteCore(IAsyncResult asyncResult)
   ? System.Web.Mvc.Controller.<BeginExecute>b__15(IAsyncResult asyncResult, Controller controller)
   ? System.Web.Mvc.Async.AsyncResultWrapper.WrappedAsyncVoid`1.CallEndDelegate(IAsyncResult asyncResult)
   ? System.Web.Mvc.Async.AsyncResultWrapper.WrappedAsyncResultBase`1.End()
   ? System.Web.Mvc.Controller.EndExecute(IAsyncResult asyncResult)
   ? System.Web.Mvc.Controller.System.Web.Mvc.Async.IAsyncController.EndExecute(IAsyncResult asyncResult)
   ? System.Web.Mvc.MvcHandler.<BeginProcessRequest>b__5(IAsyncResult asyncResult, ProcessRequestState innerState)
   ? System.Web.Mvc.Async.AsyncResultWrapper.WrappedAsyncVoid`1.CallEndDelegate(IAsyncResult asyncResult)
   ? System.Web.Mvc.Async.AsyncResultWrapper.WrappedAsyncResultBase`1.End()
   ? System.Web.Mvc.MvcHandler.EndProcessRequest(IAsyncResult asyncResult)
   ? System.Web.Mvc.MvcHandler.System.Web.IHttpAsyncHandler.EndProcessRequest(IAsyncResult result)
   ? System.Web.HttpApplication.CallHandlerExecutionStep.System.Web.HttpApplication.IExecutionStep.Execute()
   ? System.Web.HttpApplication.ExecuteStepImpl(IExecutionStep step)
   ? System.Web.HttpApplication.ExecuteStep(IExecutionStep step, Boolean& completedSynchronously)
2019-06-15 20:29:24.2325 | ERROR | internal_error_logger | System.Web.HttpException (0x80004005): A public action method 'public_api' was not found on controller 'Slug.Controllers.guestController'.
   ? System.Web.Mvc.Controller.HandleUnknownAction(String actionName)
   ? System.Web.Mvc.Controller.<BeginExecuteCore>b__1d(IAsyncResult asyncResult, ExecuteCoreState innerState)
   ? System.Web.Mvc.Async.AsyncResultWrapper.WrappedAsyncVoid`1.CallEndDelegate(IAsyncResult asyncResult)
   ? System.Web.Mvc.Async.AsyncResultWrapper.WrappedAsyncResultBase`1.End()
   ? System.Web.Mvc.Controller.EndExecuteCore(IAsyncResult asyncResult)
   ? System.Web.Mvc.Controller.<BeginExecute>b__15(IAsyncResult asyncResult, Controller controller)
   ? System.Web.Mvc.Async.AsyncResultWrapper.WrappedAsyncVoid`1.CallEndDelegate(IAsyncResult asyncResult)
   ? System.Web.Mvc.Async.AsyncResultWrapper.WrappedAsyncResultBase`1.End()
   ? System.Web.Mvc.Controller.EndExecute(IAsyncResult asyncResult)
   ? System.Web.Mvc.Controller.System.Web.Mvc.Async.IAsyncController.EndExecute(IAsyncResult asyncResult)
   ? System.Web.Mvc.MvcHandler.<BeginProcessRequest>b__5(IAsyncResult asyncResult, ProcessRequestState innerState)
   ? System.Web.Mvc.Async.AsyncResultWrapper.WrappedAsyncVoid`1.CallEndDelegate(IAsyncResult asyncResult)
   ? System.Web.Mvc.Async.AsyncResultWrapper.WrappedAsyncResultBase`1.End()
   ? System.Web.Mvc.MvcHandler.EndProcessRequest(IAsyncResult asyncResult)
   ? System.Web.Mvc.MvcHandler.System.Web.IHttpAsyncHandler.EndProcessRequest(IAsyncResult result)
   ? System.Web.HttpApplication.CallHandlerExecutionStep.System.Web.HttpApplication.IExecutionStep.Execute()
   ? System.Web.HttpApplication.ExecuteStepImpl(IExecutionStep step)
   ? System.Web.HttpApplication.ExecuteStep(IExecutionStep step, Boolean& completedSynchronously)
2019-06-15 20:29:44.4455 | ERROR | internal_error_logger | System.Web.HttpException (0x80004005): A public action method 'public_api' was not found on controller 'Slug.Controllers.guestController'.
   ? System.Web.Mvc.Controller.HandleUnknownAction(String actionName)
   ? System.Web.Mvc.Controller.<BeginExecuteCore>b__1d(IAsyncResult asyncResult, ExecuteCoreState innerState)
   ? System.Web.Mvc.Async.AsyncResultWrapper.WrappedAsyncVoid`1.CallEndDelegate(IAsyncResult asyncResult)
   ? System.Web.Mvc.Async.AsyncResultWrapper.WrappedAsyncResultBase`1.End()
   ? System.Web.Mvc.Controller.EndExecuteCore(IAsyncResult asyncResult)
   ? System.Web.Mvc.Controller.<BeginExecute>b__15(IAsyncResult asyncResult, Controller controller)
   ? System.Web.Mvc.Async.AsyncResultWrapper.WrappedAsyncVoid`1.CallEndDelegate(IAsyncResult asyncResult)
   ? System.Web.Mvc.Async.AsyncResultWrapper.WrappedAsyncResultBase`1.End()
   ? System.Web.Mvc.Controller.EndExecute(IAsyncResult asyncResult)
   ? System.Web.Mvc.Controller.System.Web.Mvc.Async.IAsyncController.EndExecute(IAsyncResult asyncResult)
   ? System.Web.Mvc.MvcHandler.<BeginProcessRequest>b__5(IAsyncResult asyncResult, ProcessRequestState innerState)
   ? System.Web.Mvc.Async.AsyncResultWrapper.WrappedAsyncVoid`1.CallEndDelegate(IAsyncResult asyncResult)
   ? System.Web.Mvc.Async.AsyncResultWrapper.WrappedAsyncResultBase`1.End()
   ? System.Web.Mvc.MvcHandler.EndProcessRequest(IAsyncResult asyncResult)
   ? System.Web.Mvc.MvcHandler.System.Web.IHttpAsyncHandler.EndProcessRequest(IAsyncResult result)
   ? System.Web.HttpApplication.CallHandlerExecutionStep.System.Web.HttpApplication.IExecutionStep.Execute()
   ? System.Web.HttpApplication.ExecuteStepImpl(IExecutionStep step)
   ? System.Web.HttpApplication.ExecuteStep(IExecutionStep step, Boolean& completedSynchronously)
2019-06-15 20:34:39.0070 | ERROR | internal_error_logger | System.Web.HttpException (0x80004005): A public action method 'public_api' was not found on controller 'Slug.Controllers.guestController'.
   ? System.Web.Mvc.Controller.HandleUnknownAction(String actionName)
   ? System.Web.Mvc.Controller.<BeginExecuteCore>b__1d(IAsyncResult asyncResult, ExecuteCoreState innerState)
   ? System.Web.Mvc.Async.AsyncResultWrapper.WrappedAsyncVoid`1.CallEndDelegate(IAsyncResult asyncResult)
   ? System.Web.Mvc.Async.AsyncResultWrapper.WrappedAsyncResultBase`1.End()
   ? System.Web.Mvc.Controller.EndExecuteCore(IAsyncResult asyncResult)
   ? System.Web.Mvc.Controller.<BeginExecute>b__15(IAsyncResult asyncResult, Controller controller)
   ? System.Web.Mvc.Async.AsyncResultWrapper.WrappedAsyncVoid`1.CallEndDelegate(IAsyncResult asyncResult)
   ? System.Web.Mvc.Async.AsyncResultWrapper.WrappedAsyncResultBase`1.End()
   ? System.Web.Mvc.Controller.EndExecute(IAsyncResult asyncResult)
   ? System.Web.Mvc.Controller.System.Web.Mvc.Async.IAsyncController.EndExecute(IAsyncResult asyncResult)
   ? System.Web.Mvc.MvcHandler.<BeginProcessRequest>b__5(IAsyncResult asyncResult, ProcessRequestState innerState)
   ? System.Web.Mvc.Async.AsyncResultWrapper.WrappedAsyncVoid`1.CallEndDelegate(IAsyncResult asyncResult)
   ? System.Web.Mvc.Async.AsyncResultWrapper.WrappedAsyncResultBase`1.End()
   ? System.Web.Mvc.MvcHandler.EndProcessRequest(IAsyncResult asyncResult)
   ? System.Web.Mvc.MvcHandler.System.Web.IHttpAsyncHandler.EndProcessRequest(IAsyncResult result)
   ? System.Web.HttpApplication.CallHandlerExecutionStep.System.Web.HttpApplication.IExecutionStep.Execute()
   ? System.Web.HttpApplication.ExecuteStepImpl(IExecutionStep step)
   ? System.Web.HttpApplication.ExecuteStep(IExecutionStep step, Boolean& completedSynchronously)
2019-06-15 20:36:06.6163 | ERROR | internal_error_logger | System.Web.HttpException (0x80004005): A public action method 'public_api' was not found on controller 'Slug.Controllers.guestController'.
   ? System.Web.Mvc.Controller.HandleUnknownAction(String actionName)
   ? System.Web.Mvc.Controller.<BeginExecuteCore>b__1d(IAsyncResult asyncResult, ExecuteCoreState innerState)
   ? System.Web.Mvc.Async.AsyncResultWrapper.WrappedAsyncVoid`1.CallEndDelegate(IAsyncResult asyncResult)
   ? System.Web.Mvc.Async.AsyncResultWrapper.WrappedAsyncResultBase`1.End()
   ? System.Web.Mvc.Controller.EndExecuteCore(IAsyncResult asyncResult)
   ? System.Web.Mvc.Controller.<BeginExecute>b__15(IAsyncResult asyncResult, Controller controller)
   ? System.Web.Mvc.Async.AsyncResultWrapper.WrappedAsyncVoid`1.CallEndDelegate(IAsyncResult asyncResult)
   ? System.Web.Mvc.Async.AsyncResultWrapper.WrappedAsyncResultBase`1.End()
   ? System.Web.Mvc.Controller.EndExecute(IAsyncResult asyncResult)
   ? System.Web.Mvc.Controller.System.Web.Mvc.Async.IAsyncController.EndExecute(IAsyncResult asyncResult)
   ? System.Web.Mvc.MvcHandler.<BeginProcessRequest>b__5(IAsyncResult asyncResult, ProcessRequestState innerState)
   ? System.Web.Mvc.Async.AsyncResultWrapper.WrappedAsyncVoid`1.CallEndDelegate(IAsyncResult asyncResult)
   ? System.Web.Mvc.Async.AsyncResultWrapper.WrappedAsyncResultBase`1.End()
   ? System.Web.Mvc.MvcHandler.EndProcessRequest(IAsyncResult asyncResult)
   ? System.Web.Mvc.MvcHandler.System.Web.IHttpAsyncHandler.EndProcessRequest(IAsyncResult result)
   ? System.Web.HttpApplication.CallHandlerExecutionStep.System.Web.HttpApplication.IExecutionStep.Execute()
   ? System.Web.HttpApplication.ExecuteStepImpl(IExecutionStep step)
   ? System.Web.HttpApplication.ExecuteStep(IExecutionStep step, Boolean& completedSynchronously)
2019-06-15 20:36:12.3769 | ERROR | internal_error_logger | System.Web.HttpException (0x80004005): A public action method 'public_api' was not found on controller 'Slug.Controllers.guestController'.
   ? System.Web.Mvc.Controller.HandleUnknownAction(String actionName)
   ? System.Web.Mvc.Controller.<BeginExecuteCore>b__1d(IAsyncResult asyncResult, ExecuteCoreState innerState)
   ? System.Web.Mvc.Async.AsyncResultWrapper.WrappedAsyncVoid`1.CallEndDelegate(IAsyncResult asyncResult)
   ? System.Web.Mvc.Async.AsyncResultWrapper.WrappedAsyncResultBase`1.End()
   ? System.Web.Mvc.Controller.EndExecuteCore(IAsyncResult asyncResult)
   ? System.Web.Mvc.Controller.<BeginExecute>b__15(IAsyncResult asyncResult, Controller controller)
   ? System.Web.Mvc.Async.AsyncResultWrapper.WrappedAsyncVoid`1.CallEndDelegate(IAsyncResult asyncResult)
   ? System.Web.Mvc.Async.AsyncResultWrapper.WrappedAsyncResultBase`1.End()
   ? System.Web.Mvc.Controller.EndExecute(IAsyncResult asyncResult)
   ? System.Web.Mvc.Controller.System.Web.Mvc.Async.IAsyncController.EndExecute(IAsyncResult asyncResult)
   ? System.Web.Mvc.MvcHandler.<BeginProcessRequest>b__5(IAsyncResult asyncResult, ProcessRequestState innerState)
   ? System.Web.Mvc.Async.AsyncResultWrapper.WrappedAsyncVoid`1.CallEndDelegate(IAsyncResult asyncResult)
   ? System.Web.Mvc.Async.AsyncResultWrapper.WrappedAsyncResultBase`1.End()
   ? System.Web.Mvc.MvcHandler.EndProcessRequest(IAsyncResult asyncResult)
   ? System.Web.Mvc.MvcHandler.System.Web.IHttpAsyncHandler.EndProcessRequest(IAsyncResult result)
   ? System.Web.HttpApplication.CallHandlerExecutionStep.System.Web.HttpApplication.IExecutionStep.Execute()
   ? System.Web.HttpApplication.ExecuteStepImpl(IExecutionStep step)
   ? System.Web.HttpApplication.ExecuteStep(IExecutionStep step, Boolean& completedSynchronously)
2019-06-15 20:37:58.9996 | ERROR | internal_error_logger | System.Web.HttpException (0x80004005): A public action method 'public_api' was not found on controller 'Slug.Controllers.guestController'.
   ? System.Web.Mvc.Controller.HandleUnknownAction(String actionName)
   ? System.Web.Mvc.Controller.<BeginExecuteCore>b__1d(IAsyncResult asyncResult, ExecuteCoreState innerState)
   ? System.Web.Mvc.Async.AsyncResultWrapper.WrappedAsyncVoid`1.CallEndDelegate(IAsyncResult asyncResult)
   ? System.Web.Mvc.Async.AsyncResultWrapper.WrappedAsyncResultBase`1.End()
   ? System.Web.Mvc.Controller.EndExecuteCore(IAsyncResult asyncResult)
   ? System.Web.Mvc.Controller.<BeginExecute>b__15(IAsyncResult asyncResult, Controller controller)
   ? System.Web.Mvc.Async.AsyncResultWrapper.WrappedAsyncVoid`1.CallEndDelegate(IAsyncResult asyncResult)
   ? System.Web.Mvc.Async.AsyncResultWrapper.WrappedAsyncResultBase`1.End()
   ? System.Web.Mvc.Controller.EndExecute(IAsyncResult asyncResult)
   ? System.Web.Mvc.Controller.System.Web.Mvc.Async.IAsyncController.EndExecute(IAsyncResult asyncResult)
   ? System.Web.Mvc.MvcHandler.<BeginProcessRequest>b__5(IAsyncResult asyncResult, ProcessRequestState innerState)
   ? System.Web.Mvc.Async.AsyncResultWrapper.WrappedAsyncVoid`1.CallEndDelegate(IAsyncResult asyncResult)
   ? System.Web.Mvc.Async.AsyncResultWrapper.WrappedAsyncResultBase`1.End()
   ? System.Web.Mvc.MvcHandler.EndProcessRequest(IAsyncResult asyncResult)
   ? System.Web.Mvc.MvcHandler.System.Web.IHttpAsyncHandler.EndProcessRequest(IAsyncResult result)
   ? System.Web.HttpApplication.CallHandlerExecutionStep.System.Web.HttpApplication.IExecutionStep.Execute()
   ? System.Web.HttpApplication.ExecuteStepImpl(IExecutionStep step)
   ? System.Web.HttpApplication.ExecuteStep(IExecutionStep step, Boolean& completedSynchronously)
2019-06-15 20:38:38.9740 | ERROR | internal_error_logger | System.Web.HttpException (0x80004005): A public action method 'public_api' was not found on controller 'Slug.Controllers.guestController'.
   ? System.Web.Mvc.Controller.HandleUnknownAction(String actionName)
   ? System.Web.Mvc.Controller.<BeginExecuteCore>b__1d(IAsyncResult asyncResult, ExecuteCoreState innerState)
   ? System.Web.Mvc.Async.AsyncResultWrapper.WrappedAsyncVoid`1.CallEndDelegate(IAsyncResult asyncResult)
   ? System.Web.Mvc.Async.AsyncResultWrapper.WrappedAsyncResultBase`1.End()
   ? System.Web.Mvc.Controller.EndExecuteCore(IAsyncResult asyncResult)
   ? System.Web.Mvc.Controller.<BeginExecute>b__15(IAsyncResult asyncResult, Controller controller)
   ? System.Web.Mvc.Async.AsyncResultWrapper.WrappedAsyncVoid`1.CallEndDelegate(IAsyncResult asyncResult)
   ? System.Web.Mvc.Async.AsyncResultWrapper.WrappedAsyncResultBase`1.End()
   ? System.Web.Mvc.Controller.EndExecute(IAsyncResult asyncResult)
   ? System.Web.Mvc.Controller.System.Web.Mvc.Async.IAsyncController.EndExecute(IAsyncResult asyncResult)
   ? System.Web.Mvc.MvcHandler.<BeginProcessRequest>b__5(IAsyncResult asyncResult, ProcessRequestState innerState)
   ? System.Web.Mvc.Async.AsyncResultWrapper.WrappedAsyncVoid`1.CallEndDelegate(IAsyncResult asyncResult)
   ? System.Web.Mvc.Async.AsyncResultWrapper.WrappedAsyncResultBase`1.End()
   ? System.Web.Mvc.MvcHandler.EndProcessRequest(IAsyncResult asyncResult)
   ? System.Web.Mvc.MvcHandler.System.Web.IHttpAsyncHandler.EndProcessRequest(IAsyncResult result)
   ? System.Web.HttpApplication.CallHandlerExecutionStep.System.Web.HttpApplication.IExecutionStep.Execute()
   ? System.Web.HttpApplication.ExecuteStepImpl(IExecutionStep step)
   ? System.Web.HttpApplication.ExecuteStep(IExecutionStep step, Boolean& completedSynchronously)
2019-06-15 20:44:38.4132 | ERROR | internal_error_logger | System.Web.HttpException (0x80004005): A public action method 'public_api' was not found on controller 'Slug.Controllers.guestController'.
   ? System.Web.Mvc.Controller.HandleUnknownAction(String actionName)
   ? System.Web.Mvc.Controller.<BeginExecuteCore>b__1d(IAsyncResult asyncResult, ExecuteCoreState innerState)
   ? System.Web.Mvc.Async.AsyncResultWrapper.WrappedAsyncVoid`1.CallEndDelegate(IAsyncResult asyncResult)
   ? System.Web.Mvc.Async.AsyncResultWrapper.WrappedAsyncResultBase`1.End()
   ? System.Web.Mvc.Controller.EndExecuteCore(IAsyncResult asyncResult)
   ? System.Web.Mvc.Controller.<BeginExecute>b__15(IAsyncResult asyncResult, Controller controller)
   ? System.Web.Mvc.Async.AsyncResultWrapper.WrappedAsyncVoid`1.CallEndDelegate(IAsyncResult asyncResult)
   ? System.Web.Mvc.Async.AsyncResultWrapper.WrappedAsyncResultBase`1.End()
   ? System.Web.Mvc.Controller.EndExecute(IAsyncResult asyncResult)
   ? System.Web.Mvc.Controller.System.Web.Mvc.Async.IAsyncController.EndExecute(IAsyncResult asyncResult)
   ? System.Web.Mvc.MvcHandler.<BeginProcessRequest>b__5(IAsyncResult asyncResult, ProcessRequestState innerState)
   ? System.Web.Mvc.Async.AsyncResultWrapper.WrappedAsyncVoid`1.CallEndDelegate(IAsyncResult asyncResult)
   ? System.Web.Mvc.Async.AsyncResultWrapper.WrappedAsyncResultBase`1.End()
   ? System.Web.Mvc.MvcHandler.EndProcessRequest(IAsyncResult asyncResult)
   ? System.Web.Mvc.MvcHandler.System.Web.IHttpAsyncHandler.EndProcessRequest(IAsyncResult result)
   ? System.Web.HttpApplication.CallHandlerExecutionStep.System.Web.HttpApplication.IExecutionStep.Execute()
   ? System.Web.HttpApplication.ExecuteStepImpl(IExecutionStep step)
   ? System.Web.HttpApplication.ExecuteStep(IExecutionStep step, Boolean& completedSynchronously)
